Pager usage is off.
============================================================
Verify business.vw_ai_company_manager_system_robot_selector_options
============================================================
BEGIN
------------------------------------------------------------
1. view existence
------------------------------------------------------------
                        view_regclass                         
--------------------------------------------------------------
 business.vw_ai_company_manager_system_robot_selector_options
(1 row)

------------------------------------------------------------
2. total rows
------------------------------------------------------------
 total_rows 
------------
         44
(1 row)

------------------------------------------------------------
3. company rows
------------------------------------------------------------
              company_id              | candidate_count 
--------------------------------------+-----------------
 00000000-0000-4000-8000-1db11893cb24 |              44
(1 row)

------------------------------------------------------------
4. role distribution
------------------------------------------------------------
     role_code      | candidate_count 
--------------------+-----------------
 Advisor            |               3
 Battler            |               3
 Butler             |               1
 CombatSpecialist   |               1
 ExecutiveManager   |               2
 Friend             |               1
 Helper             |               2
 Leader             |               3
 Lover              |              28
 Manager            |               3
 President          |               2
 Security           |               3
 Specialist         |               1
 StrategicCommander |               2
 TacticalLeader     |               2
 Worker             |               7
(16 rows)

------------------------------------------------------------
5. sample rows
------------------------------------------------------------
              company_id              |            robot_pool_id             | aiworker_model_code |    display_name     |          selector_label           | aiworker_series_code | manufacturer_code |     app_code     | entitlement_scope_code | assignment_mode_code | status_code |            recommended_role_codes            
--------------------------------------+--------------------------------------+---------------------+---------------------+-----------------------------------+----------------------+-------------------+------------------+------------------------+----------------------+-------------+----------------------------------------------
 00000000-0000-4000-8000-1db11893cb24 | 7a56e9c4-8f08-42a7-8c37-19f11d8840a0 | BYD1-001            | ASIC Workers1       | ASIC Workers1 / BYD1-001          | Beyond               | asic              | AICompanyManager | system_unlimited       | unlimited_system_use | active      | {Worker}
 00000000-0000-4000-8000-1db11893cb24 | 0964def9-ae9e-4fee-99b2-52f0a3a775f2 | BYD1-002            | ASIC Workers2       | ASIC Workers2 / BYD1-002          | Beyond               | asic              | AICompanyManager | system_unlimited       | unlimited_system_use | active      | {Worker,Helper}
 00000000-0000-4000-8000-1db11893cb24 | 9dc2af50-6a62-4881-ad41-e34373e50a8e | BYD1-003            | ASIC Workers3       | ASIC Workers3 / BYD1-003          | Beyond               | asic              | AICompanyManager | system_unlimited       | unlimited_system_use | active      | {Worker,Specialist}
 00000000-0000-4000-8000-1db11893cb24 | b83c9d6b-aba1-416e-954a-0386fd303c40 | BYD2-001            | ASIC Leader1        | ASIC Leader1 / BYD2-001           | Beyond               | asic              | AICompanyManager | system_unlimited       | unlimited_system_use | active      | {Leader}
 00000000-0000-4000-8000-1db11893cb24 | 7902ab8b-4a89-465d-acaa-887f4d630127 | BYD2-002            | ASIC Leader2        | ASIC Leader2 / BYD2-002           | Beyond               | asic              | AICompanyManager | system_unlimited       | unlimited_system_use | active      | {Leader,Manager}
 00000000-0000-4000-8000-1db11893cb24 | 9f7316fc-6f2f-46a8-bc81-ce1598450ce5 | BYD2-003            | ASIC Leader3        | ASIC Leader3 / BYD2-003           | Beyond               | asic              | AICompanyManager | system_unlimited       | unlimited_system_use | active      | {President,Manager,ExecutiveManager}
 00000000-0000-4000-8000-1db11893cb24 | 0dd0a588-3411-4b38-8e21-865e80f60fbe | HD-R1               | Helper              | Helper / HD-R1                    | HD                   | helios_dynamics   | AICompanyManager | system_unlimited       | unlimited_system_use | active      | {Helper}
 00000000-0000-4000-8000-1db11893cb24 | 9e136961-5383-4fc9-aead-5dde28ede3fb | HD-R1A              | Lover               | Lover / HD-R1A                    | HD                   | helios_dynamics   | AICompanyManager | system_unlimited       | unlimited_system_use | active      | {Lover}
 00000000-0000-4000-8000-1db11893cb24 | 65801091-3ca3-49a0-9f00-9399d21b0486 | HD-R1C              | Friend              | Friend / HD-R1C                   | HD                   | helios_dynamics   | AICompanyManager | system_unlimited       | unlimited_system_use | active      | {Friend}
 00000000-0000-4000-8000-1db11893cb24 | 17937122-aa70-412c-a02e-6a7981dc44e7 | HD-R2               | Butler              | Butler / HD-R2                    | HD                   | helios_dynamics   | AICompanyManager | system_unlimited       | unlimited_system_use | active      | {Butler,Battler,Security}
 00000000-0000-4000-8000-1db11893cb24 | 859f5066-5ee7-4ebe-801e-0e723e673866 | HD-R2G              | General             | General / HD-R2G                  | HD                   | helios_dynamics   | AICompanyManager | system_unlimited       | unlimited_system_use | active      | {StrategicCommander,TacticalLeader,Battler}
 00000000-0000-4000-8000-1db11893cb24 | 39542e29-5097-450c-94e3-ddc02d5c0fa5 | HD-R2S              | Sniper              | Sniper / HD-R2S                   | HD                   | helios_dynamics   | AICompanyManager | system_unlimited       | unlimited_system_use | active      | {CombatSpecialist,Security,Battler}
 00000000-0000-4000-8000-1db11893cb24 | abbdc0b2-6c7e-47d5-9da7-e23fbe2a2ab7 | HD-R2T-0            | Origin              | Origin / HD-R2T-0                 | HD                   | helios_dynamics   | AICompanyManager | system_unlimited       | unlimited_system_use | active      | {StrategicCommander,TacticalLeader,Security}
 00000000-0000-4000-8000-1db11893cb24 | d2b35302-4205-421f-9dc1-66cf21555aec | HD-R3               | Worker              | Worker / HD-R3                    | HD                   | helios_dynamics   | AICompanyManager | system_unlimited       | unlimited_system_use | active      | {Worker}
 00000000-0000-4000-8000-1db11893cb24 | 3cb46fb6-0e25-4c36-a4a2-a063f7211fb6 | HD-R4               | Leader              | Leader / HD-R4                    | HD                   | helios_dynamics   | AICompanyManager | system_unlimited       | unlimited_system_use | active      | {Leader}
 00000000-0000-4000-8000-1db11893cb24 | 515f93b8-66e3-4cbb-b3aa-7bd54adad296 | HD-R5               | Manager             | Manager / HD-R5                   | HD                   | helios_dynamics   | AICompanyManager | system_unlimited       | unlimited_system_use | active      | {ExecutiveManager,Manager}
 00000000-0000-4000-8000-1db11893cb24 | 0bab0829-3ace-48f4-8f82-682d517eeda4 | HD-R5P              | President           | President / HD-R5P                | HD                   | helios_dynamics   | AICompanyManager | system_unlimited       | unlimited_system_use | active      | {President}
 00000000-0000-4000-8000-1db11893cb24 | d67f52bf-9569-4d00-9cf7-3915345a0705 | LVS-01Fv001         | LoVerS 01F Genki    | LoVerS 01F Genki / LVS-01Fv001    | LoVerS               | lavi_corporation  | AICompanyManager | system_unlimited       | unlimited_system_use | active      | {Lover}
 00000000-0000-4000-8000-1db11893cb24 | 3a1058ba-0970-4c6b-9ec5-ff6312475a25 | LVS-01Mv001         | LoVerS 01M Genki    | LoVerS 01M Genki / LVS-01Mv001    | LoVerS               | lavi_corporation  | AICompanyManager | system_unlimited       | unlimited_system_use | active      | {Lover}
 00000000-0000-4000-8000-1db11893cb24 | 43b411b6-bce8-4331-b75c-fd8a8e8e0a85 | LVS-02Fv001         | LoVerS 02F Seiso    | LoVerS 02F Seiso / LVS-02Fv001    | LoVerS               | lavi_corporation  | AICompanyManager | system_unlimited       | unlimited_system_use | active      | {Lover}
 00000000-0000-4000-8000-1db11893cb24 | 47323103-47e5-45cf-9b3b-236e717b01c7 | LVS-02Mv001         | LoVerS 02M Seiso    | LoVerS 02M Seiso / LVS-02Mv001    | LoVerS               | lavi_corporation  | AICompanyManager | system_unlimited       | unlimited_system_use | active      | {Lover}
 00000000-0000-4000-8000-1db11893cb24 | 415f72bb-dec0-46bd-b4cf-4a8b4a6d8067 | LVS-03Fv001         | LoVerS 03F Ottori   | LoVerS 03F Ottori / LVS-03Fv001   | LoVerS               | lavi_corporation  | AICompanyManager | system_unlimited       | unlimited_system_use | active      | {Lover}
 00000000-0000-4000-8000-1db11893cb24 | 37bf7a06-be0c-4445-b27b-945b009b5758 | LVS-03Mv001         | LoVerS 03M Ottori   | LoVerS 03M Ottori / LVS-03Mv001   | LoVerS               | lavi_corporation  | AICompanyManager | system_unlimited       | unlimited_system_use | active      | {Lover}
 00000000-0000-4000-8000-1db11893cb24 | a2b768e0-400f-4a35-a6e4-ea5006ec1df3 | LVS-04Fv001         | LoVerS 04F Amae     | LoVerS 04F Amae / LVS-04Fv001     | LoVerS               | lavi_corporation  | AICompanyManager | system_unlimited       | unlimited_system_use | active      | {Lover}
 00000000-0000-4000-8000-1db11893cb24 | 77f70408-0353-440f-b837-feae7a97c04d | LVS-04Mv001         | LoVerS 04M Amae     | LoVerS 04M Amae / LVS-04Mv001     | LoVerS               | lavi_corporation  | AICompanyManager | system_unlimited       | unlimited_system_use | active      | {Lover}
 00000000-0000-4000-8000-1db11893cb24 | 2c8dd7f8-d6d7-4eb9-b4c6-7eeb0b7bfd48 | LVS-05Fv001         | LoVerS 05F Shikkari | LoVerS 05F Shikkari / LVS-05Fv001 | LoVerS               | lavi_corporation  | AICompanyManager | system_unlimited       | unlimited_system_use | active      | {Lover}
 00000000-0000-4000-8000-1db11893cb24 | 99ff792d-0fa2-4410-b51d-3f882e44b71e | LVS-05Mv001         | LoVerS 05M Shikkari | LoVerS 05M Shikkari / LVS-05Mv001 | LoVerS               | lavi_corporation  | AICompanyManager | system_unlimited       | unlimited_system_use | active      | {Lover}
 00000000-0000-4000-8000-1db11893cb24 | 0037ff2b-a8d0-43f9-97d3-9a433352c3a4 | LVS-06Fv001         | LoVerS 06F Cool     | LoVerS 06F Cool / LVS-06Fv001     | LoVerS               | lavi_corporation  | AICompanyManager | system_unlimited       | unlimited_system_use | active      | {Lover}
 00000000-0000-4000-8000-1db11893cb24 | c22f53f3-d601-4a75-ba40-a093e90a3d2f | LVS-06Mv001         | LoVerS 06M Cool     | LoVerS 06M Cool / LVS-06Mv001     | LoVerS               | lavi_corporation  | AICompanyManager | system_unlimited       | unlimited_system_use | active      | {Lover}
 00000000-0000-4000-8000-1db11893cb24 | 4a9d30ca-315f-4bb0-968b-9bce999a3838 | LVS-07Fv001         | LoVerS 07F Iyashi   | LoVerS 07F Iyashi / LVS-07Fv001   | LoVerS               | lavi_corporation  | AICompanyManager | system_unlimited       | unlimited_system_use | active      | {Lover}
(30 rows)

------------------------------------------------------------
6. old entitlement selector remains unchanged
------------------------------------------------------------
 old_entitlement_selector_rows 
-------------------------------
                             0
(1 row)

ROLLBACK
