VM_ERROR_COUNT=1
VM_LOG_COUNT=1
ROOT_HTML_LENGTH=0
ROOT_CLICK_LISTENER_COUNT=0
ROOT_CHANGE_LISTENER_COUNT=0

---- ERRORS ----
vm.runInContext: /data/data/com.termux/files/home/03.civilization-development/03.business-os/AICompanyManager/assets/js/aicm-production-core.js:806
  async 
  ^

ReferenceError: async is not defined
    at /data/data/com.termux/files/home/03.civilization-development/03.business-os/AICompanyManager/assets/js/aicm-production-core.js:806:3
    at /data/data/com.termux/files/home/03.civilization-development/03.business-os/AICompanyManager/assets/js/aicm-production-core.js:2710:3
    at Script.runInContext (node:vm:149:12)
    at Object.runInContext (node:vm:301:6)
    at file:///data/data/com.termux/files/home/03.civilization-development/03.business-os/AICompanyManager/900.meta/white_screen_diag_after_confirmation_20260430_193742/200_runtime_vm_harness.mjs:218:6
    at ModuleJob.run (node:internal/modules/esm/module_job:430:25)
    at async onImport.tracePromise.__proto__ (node:internal/modules/esm/loader:661:26)
    at async asyncRunEntryPointWithESMLoader (node:internal/modules/run_main:101:5)

---- LOGS HEAD ----
DOMContentLoaded ok

---- ROOT HEAD ----

