Pager usage is off.
Null display is "(null)".
Output format is aligned.
                                                                                 format                                                                                 
------------------------------------------------------------------------------------------------------------------------------------------------------------------------
 select 'aiworker.acceptance_execution_batch' as relation_name, count(*)::bigint as row_count from aiworker.acceptance_execution_batch;
 select 'aiworker.acceptance_test_execution' as relation_name, count(*)::bigint as row_count from aiworker.acceptance_test_execution;
 select 'aiworker.acceptance_verification_result' as relation_name, count(*)::bigint as row_count from aiworker.acceptance_verification_result;
 select 'aiworker.app_runtime_control_policy' as relation_name, count(*)::bigint as row_count from aiworker.app_runtime_control_policy;
 select 'aiworker.brain_runtime_selection_policy_catalog' as relation_name, count(*)::bigint as row_count from aiworker.brain_runtime_selection_policy_catalog;
 select 'aiworker.brain_runtime_selection_smoke_case_catalog' as relation_name, count(*)::bigint as row_count from aiworker.brain_runtime_selection_smoke_case_catalog;
 select 'aiworker.chat_worker_v0_activation' as relation_name, count(*)::bigint as row_count from aiworker.chat_worker_v0_activation;
 select 'aiworker.chat_worker_v0_allowed_reference' as relation_name, count(*)::bigint as row_count from aiworker.chat_worker_v0_allowed_reference;
 select 'aiworker.chat_worker_v0_control_state' as relation_name, count(*)::bigint as row_count from aiworker.chat_worker_v0_control_state;
 select 'aiworker.chat_worker_v0_test_prompt' as relation_name, count(*)::bigint as row_count from aiworker.chat_worker_v0_test_prompt;
 select 'aiworker.leader_mock_review' as relation_name, count(*)::bigint as row_count from aiworker.leader_mock_review;
 select 'aiworker.model_runtime_control_override' as relation_name, count(*)::bigint as row_count from aiworker.model_runtime_control_override;
 select 'aiworker.official_intake_request' as relation_name, count(*)::bigint as row_count from aiworker.official_intake_request;
 select 'aiworker.payload_document' as relation_name, count(*)::bigint as row_count from aiworker.payload_document;
 select 'aiworker.payload_schema_catalog' as relation_name, count(*)::bigint as row_count from aiworker.payload_schema_catalog;
 select 'aiworker.payload_validation_log' as relation_name, count(*)::bigint as row_count from aiworker.payload_validation_log;
 select 'aiworker.president_runtime_activation_gate_log' as relation_name, count(*)::bigint as row_count from aiworker.president_runtime_activation_gate_log;
 select 'aiworker.president_runtime_control' as relation_name, count(*)::bigint as row_count from aiworker.president_runtime_control;
 select 'aiworker.recovery_execution_log' as relation_name, count(*)::bigint as row_count from aiworker.recovery_execution_log;
 select 'aiworker.request_lineage_registry' as relation_name, count(*)::bigint as row_count from aiworker.request_lineage_registry;
 select 'aiworker.result_correlation' as relation_name, count(*)::bigint as row_count from aiworker.result_correlation;
 select 'aiworker.role_runtime_control_default' as relation_name, count(*)::bigint as row_count from aiworker.role_runtime_control_default;
 select 'aiworker.runtime_control_axis_catalog' as relation_name, count(*)::bigint as row_count from aiworker.runtime_control_axis_catalog;
 select 'aiworker.runtime_control_value_catalog' as relation_name, count(*)::bigint as row_count from aiworker.runtime_control_value_catalog;
 select 'aiworker.runtime_delivery_package' as relation_name, count(*)::bigint as row_count from aiworker.runtime_delivery_package;
 select 'aiworker.runtime_execution_app_api_contract' as relation_name, count(*)::bigint as row_count from aiworker.runtime_execution_app_api_contract;
 select 'aiworker.runtime_execution_event_log' as relation_name, count(*)::bigint as row_count from aiworker.runtime_execution_event_log;
 select 'aiworker.runtime_execution_request' as relation_name, count(*)::bigint as row_count from aiworker.runtime_execution_request;
 select 'aiworker.runtime_execution_state_catalog' as relation_name, count(*)::bigint as row_count from aiworker.runtime_execution_state_catalog;
 select 'aiworker.runtime_execution_transition_log' as relation_name, count(*)::bigint as row_count from aiworker.runtime_execution_transition_log;
 select 'aiworker.runtime_handoff_packet' as relation_name, count(*)::bigint as row_count from aiworker.runtime_handoff_packet;
 select 'aiworker.runtime_leader_review' as relation_name, count(*)::bigint as row_count from aiworker.runtime_leader_review;
 select 'aiworker.runtime_manager_gate' as relation_name, count(*)::bigint as row_count from aiworker.runtime_manager_gate;
 select 'aiworker.runtime_output_artifact' as relation_name, count(*)::bigint as row_count from aiworker.runtime_output_artifact;
 select 'aiworker.runtime_president_approval' as relation_name, count(*)::bigint as row_count from aiworker.runtime_president_approval;
 select 'aiworker.runtime_prompt_fragment_catalog' as relation_name, count(*)::bigint as row_count from aiworker.runtime_prompt_fragment_catalog;
 select 'aiworker.runtime_review_gate_log' as relation_name, count(*)::bigint as row_count from aiworker.runtime_review_gate_log;
 select 'aiworker.runtime_worker_output' as relation_name, count(*)::bigint as row_count from aiworker.runtime_worker_output;
 select 'aiworker.series_runtime_control_default' as relation_name, count(*)::bigint as row_count from aiworker.series_runtime_control_default;
 select 'aiworker.smoke_flow_execution_log' as relation_name, count(*)::bigint as row_count from aiworker.smoke_flow_execution_log;
 select 'aiworker.worker_assignment_fit_profile' as relation_name, count(*)::bigint as row_count from aiworker.worker_assignment_fit_profile;
 select 'aiworker.worker_assignment_history' as relation_name, count(*)::bigint as row_count from aiworker.worker_assignment_history;
 select 'aiworker.worker_assignment_state' as relation_name, count(*)::bigint as row_count from aiworker.worker_assignment_state;
 select 'aiworker.worker_availability_state' as relation_name, count(*)::bigint as row_count from aiworker.worker_availability_state;
 select 'aiworker.worker_capability_snapshot' as relation_name, count(*)::bigint as row_count from aiworker.worker_capability_snapshot;
 select 'aiworker.worker_company_affinity' as relation_name, count(*)::bigint as row_count from aiworker.worker_company_affinity;
 select 'aiworker.worker_dispatch_reservation' as relation_name, count(*)::bigint as row_count from aiworker.worker_dispatch_reservation;
 select 'aiworker.worker_domain_proficiency' as relation_name, count(*)::bigint as row_count from aiworker.worker_domain_proficiency;
 select 'aiworker.worker_exception_control_state' as relation_name, count(*)::bigint as row_count from aiworker.worker_exception_control_state;
 select 'aiworker.worker_growth_event' as relation_name, count(*)::bigint as row_count from aiworker.worker_growth_event;
 select 'aiworker.worker_growth_profile' as relation_name, count(*)::bigint as row_count from aiworker.worker_growth_profile;
 select 'aiworker.worker_manufacturer_extension_catalog' as relation_name, count(*)::bigint as row_count from aiworker.worker_manufacturer_extension_catalog;
 select 'aiworker.worker_master' as relation_name, count(*)::bigint as row_count from aiworker.worker_master;
 select 'aiworker.worker_mock_output' as relation_name, count(*)::bigint as row_count from aiworker.worker_mock_output;
 select 'aiworker.worker_model_capability_profile' as relation_name, count(*)::bigint as row_count from aiworker.worker_model_capability_profile;
 select 'aiworker.worker_model_catalog' as relation_name, count(*)::bigint as row_count from aiworker.worker_model_catalog;
 select 'aiworker.worker_model_extension_catalog' as relation_name, count(*)::bigint as row_count from aiworker.worker_model_extension_catalog;
 select 'aiworker.worker_privileged_profile' as relation_name, count(*)::bigint as row_count from aiworker.worker_privileged_profile;
 select 'aiworker.worker_queue_membership' as relation_name, count(*)::bigint as row_count from aiworker.worker_queue_membership;
 select 'aiworker.worker_rebuild_history' as relation_name, count(*)::bigint as row_count from aiworker.worker_rebuild_history;
 select 'aiworker.worker_repair_history' as relation_name, count(*)::bigint as row_count from aiworker.worker_repair_history;
 select 'aiworker.worker_restricted_handling_policy' as relation_name, count(*)::bigint as row_count from aiworker.worker_restricted_handling_policy;
 select 'aiworker.worker_role_class_catalog' as relation_name, count(*)::bigint as row_count from aiworker.worker_role_class_catalog;
 select 'aiworker.worker_role_proficiency' as relation_name, count(*)::bigint as row_count from aiworker.worker_role_proficiency;
 select 'aiworker.worker_series_catalog' as relation_name, count(*)::bigint as row_count from aiworker.worker_series_catalog;
 select 'aiworker.worker_series_extension_catalog' as relation_name, count(*)::bigint as row_count from aiworker.worker_series_extension_catalog;
 select 'aiworker.worker_series_tendency' as relation_name, count(*)::bigint as row_count from aiworker.worker_series_tendency;
 select 'aiworker.worker_state_change_log' as relation_name, count(*)::bigint as row_count from aiworker.worker_state_change_log;
 select 'aiworker.worker_user_affinity' as relation_name, count(*)::bigint as row_count from aiworker.worker_user_affinity;
 select 'business.ai_company_manager_deliverable' as relation_name, count(*)::bigint as row_count from business.ai_company_manager_deliverable;
 select 'business.ai_company_manager_delivery' as relation_name, count(*)::bigint as row_count from business.ai_company_manager_delivery;
 select 'business.ai_company_manager_return_request' as relation_name, count(*)::bigint as row_count from business.ai_company_manager_return_request;
 select 'business.ai_company_manager_review' as relation_name, count(*)::bigint as row_count from business.ai_company_manager_review;
 select 'business.aicm_aiworker_api_audit_log' as relation_name, count(*)::bigint as row_count from business.aicm_aiworker_api_audit_log;
 select 'business.aicm_aiworker_api_client' as relation_name, count(*)::bigint as row_count from business.aicm_aiworker_api_client;
 select 'business.aicm_human_review_item' as relation_name, count(*)::bigint as row_count from business.aicm_human_review_item;
 select 'business.aicm_leader_deliverable_requirement' as relation_name, count(*)::bigint as row_count from business.aicm_leader_deliverable_requirement;
 select 'business.aicm_review_action' as relation_name, count(*)::bigint as row_count from business.aicm_review_action;
 select 'business.aicm_review_item' as relation_name, count(*)::bigint as row_count from business.aicm_review_item;
 select 'business.aicm_user_company_worker_placement' as relation_name, count(*)::bigint as row_count from business.aicm_user_company_worker_placement;
 select 'business.aicm_user_company_worker_placement_event' as relation_name, count(*)::bigint as row_count from business.aicm_user_company_worker_placement_event;
 select 'business.aicm_worker_work_unit' as relation_name, count(*)::bigint as row_count from business.aicm_worker_work_unit;
 select 'business.approval_request' as relation_name, count(*)::bigint as row_count from business.approval_request;
 select 'business.worker_rental_contract' as relation_name, count(*)::bigint as row_count from business.worker_rental_contract;
 select 'business.worker_rental_contract_line' as relation_name, count(*)::bigint as row_count from business.worker_rental_contract_line;
 select 'business.worker_rental_end_summary' as relation_name, count(*)::bigint as row_count from business.worker_rental_end_summary;
 select 'business.worker_rental_entitlement_balance' as relation_name, count(*)::bigint as row_count from business.worker_rental_entitlement_balance;
 select 'business.worker_rental_entitlement_grant' as relation_name, count(*)::bigint as row_count from business.worker_rental_entitlement_grant;
 select 'business.worker_rental_entitlement_usage' as relation_name, count(*)::bigint as row_count from business.worker_rental_entitlement_usage;
 select 'business.worker_rental_payment_intent' as relation_name, count(*)::bigint as row_count from business.worker_rental_payment_intent;
 select 'business.worker_rental_period' as relation_name, count(*)::bigint as row_count from business.worker_rental_period;
 select 'business.worker_rental_price_catalog' as relation_name, count(*)::bigint as row_count from business.worker_rental_price_catalog;
 select 'business.worker_rental_safety_event' as relation_name, count(*)::bigint as row_count from business.worker_rental_safety_event;
 select 'business.worker_rental_service_catalog' as relation_name, count(*)::bigint as row_count from business.worker_rental_service_catalog;
 select 'business.worker_rental_status_history' as relation_name, count(*)::bigint as row_count from business.worker_rental_status_history;
 select 'business.worker_rental_unit_policy' as relation_name, count(*)::bigint as row_count from business.worker_rental_unit_policy;
 select 'business.worker_rental_usage_log' as relation_name, count(*)::bigint as row_count from business.worker_rental_usage_log;
(97 rows)

            relation_name            | row_count 
-------------------------------------+-----------
 aiworker.acceptance_execution_batch |         1
(1 row)

           relation_name            | row_count 
------------------------------------+-----------
 aiworker.acceptance_test_execution |        14
(1 row)

              relation_name              | row_count 
-----------------------------------------+-----------
 aiworker.acceptance_verification_result |        14
(1 row)

            relation_name            | row_count 
-------------------------------------+-----------
 aiworker.app_runtime_control_policy |         6
(1 row)

                  relation_name                  | row_count 
-------------------------------------------------+-----------
 aiworker.brain_runtime_selection_policy_catalog |         9
(1 row)

                    relation_name                    | row_count 
-----------------------------------------------------+-----------
 aiworker.brain_runtime_selection_smoke_case_catalog |         8
(1 row)

           relation_name            | row_count 
------------------------------------+-----------
 aiworker.chat_worker_v0_activation |         1
(1 row)

               relation_name               | row_count 
-------------------------------------------+-----------
 aiworker.chat_worker_v0_allowed_reference |         4
(1 row)

             relation_name             | row_count 
---------------------------------------+-----------
 aiworker.chat_worker_v0_control_state |         1
(1 row)

            relation_name            | row_count 
-------------------------------------+-----------
 aiworker.chat_worker_v0_test_prompt |         5
(1 row)

        relation_name        | row_count 
-----------------------------+-----------
 aiworker.leader_mock_review |         3
(1 row)

              relation_name              | row_count 
-----------------------------------------+-----------
 aiworker.model_runtime_control_override |        10
(1 row)

          relation_name           | row_count 
----------------------------------+-----------
 aiworker.official_intake_request |         2
(1 row)

       relation_name       | row_count 
---------------------------+-----------
 aiworker.payload_document |        11
(1 row)

          relation_name          | row_count 
---------------------------------+-----------
 aiworker.payload_schema_catalog |         6
(1 row)

          relation_name          | row_count 
---------------------------------+-----------
 aiworker.payload_validation_log |        11
(1 row)

                 relation_name                  | row_count 
------------------------------------------------+-----------
 aiworker.president_runtime_activation_gate_log |         1
(1 row)

           relation_name            | row_count 
------------------------------------+-----------
 aiworker.president_runtime_control |         1
(1 row)

          relation_name          | row_count 
---------------------------------+-----------
 aiworker.recovery_execution_log |         1
(1 row)

           relation_name           | row_count 
-----------------------------------+-----------
 aiworker.request_lineage_registry |         1
(1 row)

        relation_name        | row_count 
-----------------------------+-----------
 aiworker.result_correlation |         2
(1 row)

             relation_name             | row_count 
---------------------------------------+-----------
 aiworker.role_runtime_control_default |        13
(1 row)

             relation_name             | row_count 
---------------------------------------+-----------
 aiworker.runtime_control_axis_catalog |         9
(1 row)

             relation_name              | row_count 
----------------------------------------+-----------
 aiworker.runtime_control_value_catalog |         7
(1 row)

           relation_name           | row_count 
-----------------------------------+-----------
 aiworker.runtime_delivery_package |         1
(1 row)

                relation_name                | row_count 
---------------------------------------------+-----------
 aiworker.runtime_execution_app_api_contract |         4
(1 row)

            relation_name             | row_count 
--------------------------------------+-----------
 aiworker.runtime_execution_event_log |        40
(1 row)

           relation_name            | row_count 
------------------------------------+-----------
 aiworker.runtime_execution_request |        34
(1 row)

              relation_name               | row_count 
------------------------------------------+-----------
 aiworker.runtime_execution_state_catalog |         9
(1 row)

               relation_name               | row_count 
-------------------------------------------+-----------
 aiworker.runtime_execution_transition_log |         6
(1 row)

          relation_name          | row_count 
---------------------------------+-----------
 aiworker.runtime_handoff_packet |        34
(1 row)

         relation_name          | row_count 
--------------------------------+-----------
 aiworker.runtime_leader_review |         1
(1 row)

         relation_name         | row_count 
-------------------------------+-----------
 aiworker.runtime_manager_gate |         1
(1 row)

          relation_name           | row_count 
----------------------------------+-----------
 aiworker.runtime_output_artifact |         1
(1 row)

            relation_name            | row_count 
-------------------------------------+-----------
 aiworker.runtime_president_approval |         1
(1 row)

              relation_name               | row_count 
------------------------------------------+-----------
 aiworker.runtime_prompt_fragment_catalog |        10
(1 row)

          relation_name           | row_count 
----------------------------------+-----------
 aiworker.runtime_review_gate_log |        68
(1 row)

         relation_name          | row_count 
--------------------------------+-----------
 aiworker.runtime_worker_output |         1
(1 row)

              relation_name              | row_count 
-----------------------------------------+-----------
 aiworker.series_runtime_control_default |         4
(1 row)

           relation_name           | row_count 
-----------------------------------+-----------
 aiworker.smoke_flow_execution_log |         0
(1 row)

             relation_name              | row_count 
----------------------------------------+-----------
 aiworker.worker_assignment_fit_profile |         2
(1 row)

           relation_name            | row_count 
------------------------------------+-----------
 aiworker.worker_assignment_history |         1
(1 row)

          relation_name           | row_count 
----------------------------------+-----------
 aiworker.worker_assignment_state |         5
(1 row)

           relation_name            | row_count 
------------------------------------+-----------
 aiworker.worker_availability_state |         4
(1 row)

            relation_name            | row_count 
-------------------------------------+-----------
 aiworker.worker_capability_snapshot |         2
(1 row)

          relation_name           | row_count 
----------------------------------+-----------
 aiworker.worker_company_affinity |         2
(1 row)

            relation_name             | row_count 
--------------------------------------+-----------
 aiworker.worker_dispatch_reservation |         0
(1 row)

           relation_name            | row_count 
------------------------------------+-----------
 aiworker.worker_domain_proficiency |         2
(1 row)

              relation_name              | row_count 
-----------------------------------------+-----------
 aiworker.worker_exception_control_state |         1
(1 row)

        relation_name         | row_count 
------------------------------+-----------
 aiworker.worker_growth_event |         0
(1 row)

         relation_name          | row_count 
--------------------------------+-----------
 aiworker.worker_growth_profile |         2
(1 row)

                 relation_name                  | row_count 
------------------------------------------------+-----------
 aiworker.worker_manufacturer_extension_catalog |         2
(1 row)

     relation_name      | row_count 
------------------------+-----------
 aiworker.worker_master |         2
(1 row)

        relation_name        | row_count 
-----------------------------+-----------
 aiworker.worker_mock_output |         3
(1 row)

              relation_name               | row_count 
------------------------------------------+-----------
 aiworker.worker_model_capability_profile |         9
(1 row)

         relation_name         | row_count 
-------------------------------+-----------
 aiworker.worker_model_catalog |        34
(1 row)

              relation_name              | row_count 
-----------------------------------------+-----------
 aiworker.worker_model_extension_catalog |         9
(1 row)

           relation_name            | row_count 
------------------------------------+-----------
 aiworker.worker_privileged_profile |         1
(1 row)

          relation_name           | row_count 
----------------------------------+-----------
 aiworker.worker_queue_membership |         2
(1 row)

          relation_name          | row_count 
---------------------------------+-----------
 aiworker.worker_rebuild_history |         0
(1 row)

         relation_name          | row_count 
--------------------------------+-----------
 aiworker.worker_repair_history |         0
(1 row)

               relation_name                | row_count 
--------------------------------------------+-----------
 aiworker.worker_restricted_handling_policy |         1
(1 row)

           relation_name            | row_count 
------------------------------------+-----------
 aiworker.worker_role_class_catalog |        10
(1 row)

          relation_name           | row_count 
----------------------------------+-----------
 aiworker.worker_role_proficiency |         2
(1 row)

         relation_name          | row_count 
--------------------------------+-----------
 aiworker.worker_series_catalog |         2
(1 row)

              relation_name               | row_count 
------------------------------------------+-----------
 aiworker.worker_series_extension_catalog |         2
(1 row)

          relation_name          | row_count 
---------------------------------+-----------
 aiworker.worker_series_tendency |         1
(1 row)

          relation_name           | row_count 
----------------------------------+-----------
 aiworker.worker_state_change_log |         2
(1 row)

         relation_name         | row_count 
-------------------------------+-----------
 aiworker.worker_user_affinity |         2
(1 row)

              relation_name              | row_count 
-----------------------------------------+-----------
 business.ai_company_manager_deliverable |         0
(1 row)

            relation_name             | row_count 
--------------------------------------+-----------
 business.ai_company_manager_delivery |         0
(1 row)

               relation_name                | row_count 
--------------------------------------------+-----------
 business.ai_company_manager_return_request |         0
(1 row)

           relation_name            | row_count 
------------------------------------+-----------
 business.ai_company_manager_review |         0
(1 row)

            relation_name             | row_count 
--------------------------------------+-----------
 business.aicm_aiworker_api_audit_log |         0
(1 row)

           relation_name           | row_count 
-----------------------------------+-----------
 business.aicm_aiworker_api_client |         1
(1 row)

          relation_name          | row_count 
---------------------------------+-----------
 business.aicm_human_review_item |        27
(1 row)

                relation_name                 | row_count 
----------------------------------------------+-----------
 business.aicm_leader_deliverable_requirement |        35
(1 row)

        relation_name        | row_count 
-----------------------------+-----------
 business.aicm_review_action |         1
(1 row)

       relation_name       | row_count 
---------------------------+-----------
 business.aicm_review_item |         1
(1 row)

                relation_name                | row_count 
---------------------------------------------+-----------
 business.aicm_user_company_worker_placement |        20
(1 row)

                   relation_name                   | row_count 
---------------------------------------------------+-----------
 business.aicm_user_company_worker_placement_event |         0
(1 row)

         relation_name          | row_count 
--------------------------------+-----------
 business.aicm_worker_work_unit |        36
(1 row)

       relation_name       | row_count 
---------------------------+-----------
 business.approval_request |         0
(1 row)

          relation_name          | row_count 
---------------------------------+-----------
 business.worker_rental_contract |         1
(1 row)

            relation_name             | row_count 
--------------------------------------+-----------
 business.worker_rental_contract_line |         1
(1 row)

           relation_name            | row_count 
------------------------------------+-----------
 business.worker_rental_end_summary |         0
(1 row)

               relation_name                | row_count 
--------------------------------------------+-----------
 business.worker_rental_entitlement_balance |         0
(1 row)

              relation_name               | row_count 
------------------------------------------+-----------
 business.worker_rental_entitlement_grant |         0
(1 row)

              relation_name               | row_count 
------------------------------------------+-----------
 business.worker_rental_entitlement_usage |         0
(1 row)

             relation_name             | row_count 
---------------------------------------+-----------
 business.worker_rental_payment_intent |         0
(1 row)

         relation_name         | row_count 
-------------------------------+-----------
 business.worker_rental_period |         0
(1 row)

            relation_name             | row_count 
--------------------------------------+-----------
 business.worker_rental_price_catalog |         4
(1 row)

            relation_name            | row_count 
-------------------------------------+-----------
 business.worker_rental_safety_event |         0
(1 row)

             relation_name              | row_count 
----------------------------------------+-----------
 business.worker_rental_service_catalog |         1
(1 row)

             relation_name             | row_count 
---------------------------------------+-----------
 business.worker_rental_status_history |         1
(1 row)

           relation_name            | row_count 
------------------------------------+-----------
 business.worker_rental_unit_policy |         5
(1 row)

          relation_name           | row_count 
----------------------------------+-----------
 business.worker_rental_usage_log |         0
(1 row)

