[main ae5e770] AICompanyManager: V10GC3I review approve execution success
 178 files changed, 420865 insertions(+), 3 deletions(-)
 create mode 100644 03.business-os/AICompanyManager/900.meta/git_checkpoint_after_v10f4a_ok_20260503_225344/020_status_after_commit_before_push.txt
 create mode 100644 03.business-os/AICompanyManager/900.meta/git_checkpoint_after_v10f4a_ok_20260503_225344/030_log_after.txt
 create mode 100644 03.business-os/AICompanyManager/900.meta/git_checkpoint_after_v10gc3i_approve_success_20260504_065612/000_GIT_CHECKPOINT_AFTER_V10GC3I_APPROVE_SUCCESS_REPORT.md
 create mode 100644 03.business-os/AICompanyManager/900.meta/git_checkpoint_after_v10gc3i_approve_success_20260504_065612/010_db_readonly_status.tsv
 create mode 100644 03.business-os/AICompanyManager/900.meta/git_checkpoint_after_v10gc3i_approve_success_20260504_065612/020_git_status_before.txt
 create mode 100644 03.business-os/AICompanyManager/900.meta/git_checkpoint_after_v10gc3i_approve_success_20260504_065612/030_git_diff_stat.txt
 create mode 100644 03.business-os/AICompanyManager/900.meta/git_checkpoint_after_v10gc3i_approve_success_20260504_065612/040_git_add.out
 create mode 100644 03.business-os/AICompanyManager/900.meta/r8z_v10g_review_approve_return_execute_20260503_225750/000_R8Z_V10G_REVIEW_APPROVE_RETURN_EXECUTE_REPORT.md
 create mode 100644 03.business-os/AICompanyManager/900.meta/r8z_v10g_review_approve_return_execute_20260503_225750/020_db_rollback_smoke.tsv
 create mode 100644 03.business-os/AICompanyManager/900.meta/r8z_v10g_review_approve_return_execute_20260503_225750/aicm-local-ui-api-server.before_v10g.mjs
 create mode 100644 03.business-os/AICompanyManager/900.meta/r8z_v10g_review_approve_return_execute_20260503_225750/aicm-production-core.before_v10g.js
 create mode 100644 03.business-os/AICompanyManager/900.meta/r8z_v10gb2_review_item_rollback_smoke_20260503_230414/000_R8Z_V10GB2_REVIEW_ITEM_ROLLBACK_SMOKE_REPORT.md
 create mode 100644 03.business-os/AICompanyManager/900.meta/r8z_v10gb2_review_item_rollback_smoke_20260503_230414/010_precheck.tsv
 create mode 100644 03.business-os/AICompanyManager/900.meta/r8z_v10gb2_review_item_rollback_smoke_20260503_230414/020_review_item_rollback_smoke.tsv
 create mode 100644 03.business-os/AICompanyManager/900.meta/r8z_v10gb2_review_item_rollback_smoke_20260503_230414/030_persist_after_rollback.tsv
 create mode 100644 03.business-os/AICompanyManager/900.meta/r8z_v10gb2b_robust_parse_20260503_230536/000_R8Z_V10GB2B_ROBUST_PARSE_REPORT.md
 create mode 100644 03.business-os/AICompanyManager/900.meta/r8z_v10gb2b_robust_parse_20260503_230536/010_smoke_raw_numbered.txt
 create mode 100644 03.business-os/AICompanyManager/900.meta/r8z_v10gb2b_robust_parse_20260503_230601/000_R8Z_V10GB2B_ROBUST_PARSE_REPORT.md
 create mode 100644 03.business-os/AICompanyManager/900.meta/r8z_v10gb2b_robust_parse_20260503_230601/010_smoke_raw_numbered.txt
 create mode 100644 03.business-os/AICompanyManager/900.meta/r8z_v10gb3_review_item_kv_rollback_smoke_20260503_230707/000_R8Z_V10GB3_REVIEW_ITEM_KV_ROLLBACK_SMOKE_REPORT.md
 create mode 100644 03.business-os/AICompanyManager/900.meta/r8z_v10gb3_review_item_kv_rollback_smoke_20260503_230707/010_review_item_kv_rollback_smoke.tsv
 create mode 100644 03.business-os/AICompanyManager/900.meta/r8z_v10gb3_review_item_kv_rollback_smoke_20260503_230707/020_persist_after_rollback.tsv
 create mode 100644 03.business-os/AICompanyManager/900.meta/r8z_v10gb3_review_item_kv_rollback_smoke_20260503_230738/000_R8Z_V10GB3_REVIEW_ITEM_KV_ROLLBACK_SMOKE_REPORT.md
 create mode 100644 03.business-os/AICompanyManager/900.meta/r8z_v10gb3_review_item_kv_rollback_smoke_20260503_230738/010_review_item_kv_rollback_smoke.tsv
 create mode 100644 03.business-os/AICompanyManager/900.meta/r8z_v10gb3_review_item_kv_rollback_smoke_20260503_230738/020_persist_after_rollback.tsv
 create mode 100644 03.business-os/AICompanyManager/900.meta/r8z_v10gb3_review_item_kv_rollback_smoke_20260504_052837/000_R8Z_V10GB3_REVIEW_ITEM_KV_ROLLBACK_SMOKE_REPORT.md
 create mode 100644 03.business-os/AICompanyManager/900.meta/r8z_v10gb3_review_item_kv_rollback_smoke_20260504_052837/010_review_item_kv_rollback_smoke.tsv
 create mode 100644 03.business-os/AICompanyManager/900.meta/r8z_v10gb3_review_item_kv_rollback_smoke_20260504_052837/020_persist_after_rollback.tsv
 create mode 100644 03.business-os/AICompanyManager/900.meta/r8z_v10gb_review_relation_corrected_rollback_smoke_20260503_230138/000_R8Z_V10GB_REVIEW_RELATION_CORRECTED_ROLLBACK_SMOKE_REPORT.md
 create mode 100644 03.business-os/AICompanyManager/900.meta/r8z_v10gb_review_relation_corrected_rollback_smoke_20260503_230138/010_review_relations.tsv
 create mode 100644 03.business-os/AICompanyManager/900.meta/r8z_v10gb_review_relation_corrected_rollback_smoke_20260503_230138/020_review_columns.tsv
 create mode 100644 03.business-os/AICompanyManager/900.meta/r8z_v10gb_review_relation_corrected_rollback_smoke_20260503_230138/030_queue_rollback_smoke.tsv
 create mode 100644 03.business-os/AICompanyManager/900.meta/r8z_v10gc2_review_existing_route_ui_execute_20260504_053901/000_R8Z_V10GC2_REVIEW_EXISTING_ROUTE_UI_EXECUTE_REPORT.md
 create mode 100644 03.business-os/AICompanyManager/900.meta/r8z_v10gc2_review_existing_route_ui_execute_20260504_053901/020_existing_review_route_scan.txt
 create mode 100644 03.business-os/AICompanyManager/900.meta/r8z_v10gc2_review_existing_route_ui_execute_20260504_053901/080_db_precheck.tsv
 create mode 100644 03.business-os/AICompanyManager/900.meta/r8z_v10gc2_review_existing_route_ui_execute_20260504_053901/scan_existing_review_routes.cjs
 create mode 100644 03.business-os/AICompanyManager/900.meta/r8z_v10gc2b_existing_route_ui_execute_20260504_054056/000_R8Z_V10GC2B_EXISTING_ROUTE_UI_EXECUTE_REPORT.md
 create mode 100644 03.business-os/AICompanyManager/900.meta/r8z_v10gc2b_existing_route_ui_execute_20260504_054056/010_existing_review_route_scan.txt
 create mode 100644 03.business-os/AICompanyManager/900.meta/r8z_v10gc2b_existing_route_ui_execute_20260504_054056/030_verify.txt
 create mode 100644 03.business-os/AICompanyManager/900.meta/r8z_v10gc2b_existing_route_ui_execute_20260504_054056/050_served_core.js
 create mode 100644 03.business-os/AICompanyManager/900.meta/r8z_v10gc2b_existing_route_ui_execute_20260504_054056/060_root.html
 create mode 100644 03.business-os/AICompanyManager/900.meta/r8z_v10gc2b_existing_route_ui_execute_20260504_054056/070_approve_invalid_smoke.json
 create mode 100644 03.business-os/AICompanyManager/900.meta/r8z_v10gc2b_existing_route_ui_execute_20260504_054056/071_return_invalid_smoke.json
 create mode 100644 03.business-os/AICompanyManager/900.meta/r8z_v10gc2b_existing_route_ui_execute_20260504_054056/080_db_precheck.tsv
 create mode 100644 03.business-os/AICompanyManager/900.meta/r8z_v10gc2b_existing_route_ui_execute_20260504_054056/090_previous_v10gc2_check.txt
 create mode 100644 03.business-os/AICompanyManager/900.meta/r8z_v10gc2b_existing_route_ui_execute_20260504_054056/aicm-production-core.before_v10gc2b.js
 create mode 100644 03.business-os/AICompanyManager/900.meta/r8z_v10gc2b_existing_route_ui_execute_20260504_054056/patch_core_v10gc2b.cjs
 create mode 100644 03.business-os/AICompanyManager/900.meta/r8z_v10gc2b_existing_route_ui_execute_20260504_054056/scan_existing_review_routes_v10gc2b.cjs
 create mode 100644 03.business-os/AICompanyManager/900.meta/r8z_v10gc2b_existing_route_ui_execute_20260504_054056/server.pid
 create mode 100644 03.business-os/AICompanyManager/900.meta/r8z_v10gc2d_review_confirm_auto_prime_20260504_054645/000_R8Z_V10GC2D_REVIEW_CONFIRM_AUTO_PRIME_REPORT.md
 create mode 100644 03.business-os/AICompanyManager/900.meta/r8z_v10gc2d_review_confirm_auto_prime_20260504_054645/020_verify.txt
 create mode 100644 03.business-os/AICompanyManager/900.meta/r8z_v10gc2d_review_confirm_auto_prime_20260504_054645/040_served_core.js
 create mode 100644 03.business-os/AICompanyManager/900.meta/r8z_v10gc2d_review_confirm_auto_prime_20260504_054645/050_root.html
 create mode 100644 03.business-os/AICompanyManager/900.meta/r8z_v10gc2d_review_confirm_auto_prime_20260504_054645/aicm-production-core.before_v10gc2d.js
 create mode 100644 03.business-os/AICompanyManager/900.meta/r8z_v10gc2d_review_confirm_auto_prime_20260504_054645/patch_core_v10gc2d.cjs
 create mode 100644 03.business-os/AICompanyManager/900.meta/r8z_v10gc2d_review_confirm_auto_prime_20260504_054645/server.pid
 create mode 100644 03.business-os/AICompanyManager/900.meta/r8z_v10gc2e_remove_auto_prime_freeze_patch_20260504_054911/000_R8Z_V10GC2E_REMOVE_AUTO_PRIME_FREEZE_PATCH_REPORT.md
 create mode 100644 03.business-os/AICompanyManager/900.meta/r8z_v10gc2e_remove_auto_prime_freeze_patch_20260504_054911/020_verify.txt
 create mode 100644 03.business-os/AICompanyManager/900.meta/r8z_v10gc2e_remove_auto_prime_freeze_patch_20260504_054911/040_served_core.js
 create mode 100644 03.business-os/AICompanyManager/900.meta/r8z_v10gc2e_remove_auto_prime_freeze_patch_20260504_054911/050_root.html
 create mode 100644 03.business-os/AICompanyManager/900.meta/r8z_v10gc2e_remove_auto_prime_freeze_patch_20260504_054911/aicm-production-core.before_v10gc2e.js
 create mode 100644 03.business-os/AICompanyManager/900.meta/r8z_v10gc2e_remove_auto_prime_freeze_patch_20260504_054911/remove_v10gc2c_v10gc2d.cjs
 create mode 100644 03.business-os/AICompanyManager/900.meta/r8z_v10gc2e_remove_auto_prime_freeze_patch_20260504_054911/server.pid
 create mode 100644 03.business-os/AICompanyManager/900.meta/r8z_v10gc2f_confirm_open_one_shot_prime_20260504_055353/000_R8Z_V10GC2F_CONFIRM_OPEN_ONE_SHOT_PRIME_REPORT.md
 create mode 100644 03.business-os/AICompanyManager/900.meta/r8z_v10gc2f_confirm_open_one_shot_prime_20260504_055353/020_verify.txt
 create mode 100644 03.business-os/AICompanyManager/900.meta/r8z_v10gc2f_confirm_open_one_shot_prime_20260504_055353/040_served_core.js
 create mode 100644 03.business-os/AICompanyManager/900.meta/r8z_v10gc2f_confirm_open_one_shot_prime_20260504_055353/050_root.html
 create mode 100644 03.business-os/AICompanyManager/900.meta/r8z_v10gc2f_confirm_open_one_shot_prime_20260504_055353/aicm-production-core.before_v10gc2f.js
 create mode 100644 03.business-os/AICompanyManager/900.meta/r8z_v10gc2f_confirm_open_one_shot_prime_20260504_055353/patch_core_v10gc2f.cjs
 create mode 100644 03.business-os/AICompanyManager/900.meta/r8z_v10gc2f_confirm_open_one_shot_prime_20260504_055353/server.pid
 create mode 100644 03.business-os/AICompanyManager/900.meta/r8z_v10gc2g_review_execute_root_cause_isolate_20260504_055827/000_R8Z_V10GC2G_REVIEW_EXECUTE_ROOT_CAUSE_ISOLATE_REPORT.md
 create mode 100644 03.business-os/AICompanyManager/900.meta/r8z_v10gc2g_review_execute_root_cause_isolate_20260504_055827/010_db_review_pending_readonly.tsv
 create mode 100644 03.business-os/AICompanyManager/900.meta/r8z_v10gc2g_review_execute_root_cause_isolate_20260504_055827/020_server_review_route_and_function_scan.txt
 create mode 100644 03.business-os/AICompanyManager/900.meta/r8z_v10gc2g_review_execute_root_cause_isolate_20260504_055827/030_core_review_execute_scan.txt
 create mode 100644 03.business-os/AICompanyManager/900.meta/r8z_v10gc2g_review_execute_root_cause_isolate_20260504_055827/040_confirm_screen_scan.txt
 create mode 100644 03.business-os/AICompanyManager/900.meta/r8z_v10gc2g_review_execute_root_cause_isolate_20260504_055827/050_classification.txt
 create mode 100644 03.business-os/AICompanyManager/900.meta/r8z_v10gc2g_review_execute_root_cause_isolate_20260504_055827/scan_core_v10gc2g.cjs
 create mode 100644 03.business-os/AICompanyManager/900.meta/r8z_v10gc2g_review_execute_root_cause_isolate_20260504_055827/scan_server_v10gc2g.cjs
 create mode 100644 03.business-os/AICompanyManager/900.meta/r8z_v10gc2h_review_execute_runtime_debug_no_post_20260504_060005/000_R8Z_V10GC2H_REVIEW_EXECUTE_RUNTIME_DEBUG_NO_POST_REPORT.md
 create mode 100644 03.business-os/AICompanyManager/900.meta/r8z_v10gc2h_review_execute_runtime_debug_no_post_20260504_060005/020_verify.txt
 create mode 100644 03.business-os/AICompanyManager/900.meta/r8z_v10gc2h_review_execute_runtime_debug_no_post_20260504_060005/040_served_core.js
 create mode 100644 03.business-os/AICompanyManager/900.meta/r8z_v10gc2h_review_execute_runtime_debug_no_post_20260504_060005/050_root.html
 create mode 100644 03.business-os/AICompanyManager/900.meta/r8z_v10gc2h_review_execute_runtime_debug_no_post_20260504_060005/aicm-production-core.before_v10gc2h.js
 create mode 100644 03.business-os/AICompanyManager/900.meta/r8z_v10gc2h_review_execute_runtime_debug_no_post_20260504_060005/patch_core_v10gc2h.cjs
 create mode 100644 03.business-os/AICompanyManager/900.meta/r8z_v10gc2h_review_execute_runtime_debug_no_post_20260504_060005/server.pid
 create mode 100644 03.business-os/AICompanyManager/900.meta/r8z_v10gc2i_confirm_screen_auto_debug_no_click_20260504_060330/000_R8Z_V10GC2I_CONFIRM_SCREEN_AUTO_DEBUG_REPORT.md
 create mode 100644 03.business-os/AICompanyManager/900.meta/r8z_v10gc2i_confirm_screen_auto_debug_no_click_20260504_060330/020_verify.txt
 create mode 100644 03.business-os/AICompanyManager/900.meta/r8z_v10gc2i_confirm_screen_auto_debug_no_click_20260504_060330/040_served_core.js
 create mode 100644 03.business-os/AICompanyManager/900.meta/r8z_v10gc2i_confirm_screen_auto_debug_no_click_20260504_060330/050_root.html
 create mode 100644 03.business-os/AICompanyManager/900.meta/r8z_v10gc2i_confirm_screen_auto_debug_no_click_20260504_060330/aicm-production-core.before_v10gc2i.js
 create mode 100644 03.business-os/AICompanyManager/900.meta/r8z_v10gc2i_confirm_screen_auto_debug_no_click_20260504_060330/patch_core_v10gc2i.cjs
 create mode 100644 03.business-os/AICompanyManager/900.meta/r8z_v10gc2i_confirm_screen_auto_debug_no_click_20260504_060330/server.pid
 create mode 100644 03.business-os/AICompanyManager/900.meta/r8z_v10gc2j_review_execute_exact_payload_fix_20260504_060716/000_R8Z_V10GC2J_REVIEW_EXECUTE_EXACT_PAYLOAD_FIX_REPORT.md
 create mode 100644 03.business-os/AICompanyManager/900.meta/r8z_v10gc2j_review_execute_exact_payload_fix_20260504_060716/020_verify.txt
 create mode 100644 03.business-os/AICompanyManager/900.meta/r8z_v10gc2j_review_execute_exact_payload_fix_20260504_060716/040_served_core.js
 create mode 100644 03.business-os/AICompanyManager/900.meta/r8z_v10gc2j_review_execute_exact_payload_fix_20260504_060716/050_root.html
 create mode 100644 03.business-os/AICompanyManager/900.meta/r8z_v10gc2j_review_execute_exact_payload_fix_20260504_060716/aicm-production-core.before_v10gc2j.js
 create mode 100644 03.business-os/AICompanyManager/900.meta/r8z_v10gc2j_review_execute_exact_payload_fix_20260504_060716/patch_core_v10gc2j.cjs
 create mode 100644 03.business-os/AICompanyManager/900.meta/r8z_v10gc2j_review_execute_exact_payload_fix_20260504_060716/server.pid
 create mode 100644 03.business-os/AICompanyManager/900.meta/r8z_v10gc2k_after_j_failure_isolate_20260504_060911/000_R8Z_V10GC2K_AFTER_J_FAILURE_ISOLATE_REPORT.md
 create mode 100644 03.business-os/AICompanyManager/900.meta/r8z_v10gc2k_after_j_failure_isolate_20260504_060911/010_db_pending_readonly.tsv
 create mode 100644 03.business-os/AICompanyManager/900.meta/r8z_v10gc2k_after_j_failure_isolate_20260504_060911/020_core_after_j_scan.txt
 create mode 100644 03.business-os/AICompanyManager/900.meta/r8z_v10gc2k_after_j_failure_isolate_20260504_060911/030_confirm_card_source_extract.txt
 create mode 100644 03.business-os/AICompanyManager/900.meta/r8z_v10gc2k_after_j_failure_isolate_20260504_060911/040_server_review_function_scan.txt
 create mode 100644 03.business-os/AICompanyManager/900.meta/r8z_v10gc2k_after_j_failure_isolate_20260504_060911/050_classification.txt
 create mode 100644 03.business-os/AICompanyManager/900.meta/r8z_v10gc2k_after_j_failure_isolate_20260504_060911/scan_core_v10gc2k.cjs
 create mode 100644 03.business-os/AICompanyManager/900.meta/r8z_v10gc2k_after_j_failure_isolate_20260504_060911/scan_server_v10gc2k.cjs
 create mode 100644 03.business-os/AICompanyManager/900.meta/r8z_v10gc3_failed_safe_stop_salvage_20260504_062812/000_R8Z_V10GC3_FAILED_SAFE_STOP_SALVAGE_REPORT.md
 create mode 100644 03.business-os/AICompanyManager/900.meta/r8z_v10gc3_failed_safe_stop_salvage_20260504_062812/010_core_confirm_label_scan.txt
 create mode 100644 03.business-os/AICompanyManager/900.meta/r8z_v10gc3_failed_safe_stop_salvage_20260504_062812/020_confirm_source_extract.txt
 create mode 100644 03.business-os/AICompanyManager/900.meta/r8z_v10gc3_failed_safe_stop_salvage_20260504_062812/scan_core_confirm_labels_v10gc3_salvage.cjs
 create mode 100644 03.business-os/AICompanyManager/900.meta/r8z_v10gc3_review_decision_maintainability_recovery_20260504_062545/000_R8Z_V10GC3_REVIEW_DECISION_MAINTAINABILITY_RECOVERY_REPORT.md
 create mode 100644 03.business-os/AICompanyManager/900.meta/r8z_v10gc3_review_decision_maintainability_recovery_20260504_062545/020_patch_analysis.txt
 create mode 100644 03.business-os/AICompanyManager/900.meta/r8z_v10gc3_review_decision_maintainability_recovery_20260504_062545/aicm-production-core.before_v10gc3.js
 create mode 100644 03.business-os/AICompanyManager/900.meta/r8z_v10gc3_review_decision_maintainability_recovery_20260504_062545/patch_core_v10gc3.cjs
 create mode 100644 03.business-os/AICompanyManager/900.meta/r8z_v10gc3b_actual_confirm_button_source_shape_20260504_063343/000_R8Z_V10GC3B_ACTUAL_CONFIRM_BUTTON_SOURCE_SHAPE_REPORT.md
 create mode 100644 03.business-os/AICompanyManager/900.meta/r8z_v10gc3b_actual_confirm_button_source_shape_20260504_063343/010_actual_confirm_button_source_shape.txt
 create mode 100644 03.business-os/AICompanyManager/900.meta/r8z_v10gc3b_actual_confirm_button_source_shape_20260504_063343/020_classification.txt
 create mode 100644 03.business-os/AICompanyManager/900.meta/r8z_v10gc3b_actual_confirm_button_source_shape_20260504_063343/extract_actual_source_shape.cjs
 create mode 100644 03.business-os/AICompanyManager/900.meta/r8z_v10gc3c_true_confirm_source_excluding_patch_blocks_20260504_063454/000_R8Z_V10GC3C_TRUE_CONFIRM_SOURCE_REPORT.md
 create mode 100644 03.business-os/AICompanyManager/900.meta/r8z_v10gc3c_true_confirm_source_excluding_patch_blocks_20260504_063454/010_core_without_v10gc_patch_blocks.js
 create mode 100644 03.business-os/AICompanyManager/900.meta/r8z_v10gc3c_true_confirm_source_excluding_patch_blocks_20260504_063454/020_true_confirm_source_scan.txt
 create mode 100644 03.business-os/AICompanyManager/900.meta/r8z_v10gc3c_true_confirm_source_excluding_patch_blocks_20260504_063454/030_classification.txt
 create mode 100644 03.business-os/AICompanyManager/900.meta/r8z_v10gc3c_true_confirm_source_excluding_patch_blocks_20260504_063454/strip_patch_blocks_and_scan.cjs
 create mode 100644 03.business-os/AICompanyManager/900.meta/r8z_v10gc3d_confirm_title_renderer_action_helper_isolate_20260504_063611/000_R8Z_V10GC3D_CONFIRM_TITLE_RENDERER_ACTION_HELPER_REPORT.md
 create mode 100644 03.business-os/AICompanyManager/900.meta/r8z_v10gc3d_confirm_title_renderer_action_helper_isolate_20260504_063611/010_core_without_v10gc_patch_blocks.js
 create mode 100644 03.business-os/AICompanyManager/900.meta/r8z_v10gc3d_confirm_title_renderer_action_helper_isolate_20260504_063611/020_confirm_title_renderer_scan.txt
 create mode 100644 03.business-os/AICompanyManager/900.meta/r8z_v10gc3d_confirm_title_renderer_action_helper_isolate_20260504_063611/030_action_helper_scan.txt
 create mode 100644 03.business-os/AICompanyManager/900.meta/r8z_v10gc3d_confirm_title_renderer_action_helper_isolate_20260504_063611/040_classification.txt
 create mode 100644 03.business-os/AICompanyManager/900.meta/r8z_v10gc3d_confirm_title_renderer_action_helper_isolate_20260504_063611/scan_confirm_renderer_v10gc3d.cjs
 create mode 100644 03.business-os/AICompanyManager/900.meta/r8z_v10gc3e_impact_audit_before_patch_20260504_064149/000_R8Z_V10GC3E_IMPACT_AUDIT_BEFORE_PATCH_REPORT.md
 create mode 100644 03.business-os/AICompanyManager/900.meta/r8z_v10gc3e_impact_audit_before_patch_20260504_064149/010_core_without_v10gc_patch_blocks.js
 create mode 100644 03.business-os/AICompanyManager/900.meta/r8z_v10gc3e_impact_audit_before_patch_20260504_064149/020_impact_audit_detail.txt
 create mode 100644 03.business-os/AICompanyManager/900.meta/r8z_v10gc3e_impact_audit_before_patch_20260504_064149/030_target_confirm_renderer_extract.txt
 create mode 100644 03.business-os/AICompanyManager/900.meta/r8z_v10gc3e_impact_audit_before_patch_20260504_064149/040_renderconfirm_usage_scan.txt
 create mode 100644 03.business-os/AICompanyManager/900.meta/r8z_v10gc3e_impact_audit_before_patch_20260504_064149/050_classification.txt
 create mode 100644 03.business-os/AICompanyManager/900.meta/r8z_v10gc3e_impact_audit_before_patch_20260504_064149/v10gc3e_impact_audit.cjs
 create mode 100644 03.business-os/AICompanyManager/900.meta/r8z_v10gc3f_exact_renderconfirm_owner_source_audit_20260504_064324/000_R8Z_V10GC3F_EXACT_RENDERCONFIRM_OWNER_SOURCE_AUDIT_REPORT.md
 create mode 100644 03.business-os/AICompanyManager/900.meta/r8z_v10gc3f_exact_renderconfirm_owner_source_audit_20260504_064324/010_core_without_v10gc_patch_blocks.js
 create mode 100644 03.business-os/AICompanyManager/900.meta/r8z_v10gc3f_exact_renderconfirm_owner_source_audit_20260504_064324/020_db_pending_owner_readonly.tsv
 create mode 100644 03.business-os/AICompanyManager/900.meta/r8z_v10gc3f_exact_renderconfirm_owner_source_audit_20260504_064324/030_exact_confirm_renderer_source.txt
 create mode 100644 03.business-os/AICompanyManager/900.meta/r8z_v10gc3f_exact_renderconfirm_owner_source_audit_20260504_064324/040_renderconfirm_exact_usage.txt
 create mode 100644 03.business-os/AICompanyManager/900.meta/r8z_v10gc3f_exact_renderconfirm_owner_source_audit_20260504_064324/050_classification.txt
 create mode 100644 03.business-os/AICompanyManager/900.meta/r8z_v10gc3f_exact_renderconfirm_owner_source_audit_20260504_064324/v10gc3f_exact_source_audit.cjs
 create mode 100644 03.business-os/AICompanyManager/900.meta/r8z_v10gc3g_exact_renderconfirm_call_patch_20260504_064524/000_R8Z_V10GC3G_EXACT_RENDERCONFIRM_CALL_PATCH_REPORT.md
 create mode 100644 03.business-os/AICompanyManager/900.meta/r8z_v10gc3g_exact_renderconfirm_call_patch_20260504_064524/020_patch_analysis.txt
 create mode 100644 03.business-os/AICompanyManager/900.meta/r8z_v10gc3g_exact_renderconfirm_call_patch_20260504_064524/aicm-production-core.before_v10gc3g.js
 create mode 100644 03.business-os/AICompanyManager/900.meta/r8z_v10gc3g_exact_renderconfirm_call_patch_20260504_064524/patch_core_v10gc3g.cjs
 create mode 100644 03.business-os/AICompanyManager/900.meta/r8z_v10gc3g_failed_run_salvage_20260504_064639/000_R8Z_V10GC3G_FAILED_RUN_SALVAGE_REPORT.md
 create mode 100644 03.business-os/AICompanyManager/900.meta/r8z_v10gc3g_failed_run_salvage_20260504_064639/010_core_syntax.out
 create mode 100644 03.business-os/AICompanyManager/900.meta/r8z_v10gc3g_failed_run_salvage_20260504_064639/011_server_syntax.out
 create mode 100644 03.business-os/AICompanyManager/900.meta/r8z_v10gc3h_reproduce_v10gc3g_syntax_temp_only_20260504_064810/000_R8Z_V10GC3H_REPRODUCE_V10GC3G_SYNTAX_TEMP_ONLY_REPORT.md
 create mode 100644 03.business-os/AICompanyManager/900.meta/r8z_v10gc3h_reproduce_v10gc3g_syntax_temp_only_20260504_064810/010_temp_core_repatch_v10gc3g.js
 create mode 100644 03.business-os/AICompanyManager/900.meta/r8z_v10gc3h_reproduce_v10gc3g_syntax_temp_only_20260504_064810/030_temp_patch_analysis.txt
 create mode 100644 03.business-os/AICompanyManager/900.meta/r8z_v10gc3h_reproduce_v10gc3g_syntax_temp_only_20260504_064810/040_temp_syntax.out
 create mode 100644 03.business-os/AICompanyManager/900.meta/r8z_v10gc3h_reproduce_v10gc3g_syntax_temp_only_20260504_064810/050_temp_syntax_snip.txt
 create mode 100644 03.business-os/AICompanyManager/900.meta/r8z_v10gc3h_reproduce_v10gc3g_syntax_temp_only_20260504_064810/060_classification.txt
 create mode 100644 03.business-os/AICompanyManager/900.meta/r8z_v10gc3h_reproduce_v10gc3g_syntax_temp_only_20260504_064810/extract_syntax_snip.cjs
 create mode 100644 03.business-os/AICompanyManager/900.meta/r8z_v10gc3i_approve_result_readonly_check_20260504_065511/000_R8Z_V10GC3I_APPROVE_RESULT_READONLY_CHECK_REPORT.md
 create mode 100644 03.business-os/AICompanyManager/900.meta/r8z_v10gc3i_approve_result_readonly_check_20260504_065511/010_db_approve_result.tsv
 create mode 100644 03.business-os/AICompanyManager/900.meta/r8z_v10gc3i_approve_result_readonly_check_20260504_065511/020_latest_server_log_tail.txt
 create mode 100644 03.business-os/AICompanyManager/900.meta/r8z_v10gc3i_renderconfirm_direct_button_canon_20260504_065246/000_R8Z_V10GC3I_RENDERCONFIRM_DIRECT_BUTTON_CANON_REPORT.md
 create mode 100644 03.business-os/AICompanyManager/900.meta/r8z_v10gc3i_renderconfirm_direct_button_canon_20260504_065246/020_patch_analysis.txt
 create mode 100644 03.business-os/AICompanyManager/900.meta/r8z_v10gc3i_renderconfirm_direct_button_canon_20260504_065246/030_verify.txt
 create mode 100644 03.business-os/AICompanyManager/900.meta/r8z_v10gc3i_renderconfirm_direct_button_canon_20260504_065246/050_served_core.js
 create mode 100644 03.business-os/AICompanyManager/900.meta/r8z_v10gc3i_renderconfirm_direct_button_canon_20260504_065246/060_root.html
 create mode 100644 03.business-os/AICompanyManager/900.meta/r8z_v10gc3i_renderconfirm_direct_button_canon_20260504_065246/070_db_pending_readonly.tsv
 create mode 100644 03.business-os/AICompanyManager/900.meta/r8z_v10gc3i_renderconfirm_direct_button_canon_20260504_065246/aicm-production-core.before_v10gc3i.js
 create mode 100644 03.business-os/AICompanyManager/900.meta/r8z_v10gc3i_renderconfirm_direct_button_canon_20260504_065246/patch_core_v10gc3i.cjs
 create mode 100644 03.business-os/AICompanyManager/900.meta/r8z_v10gc3i_renderconfirm_direct_button_canon_20260504_065246/server.pid
 create mode 100644 03.business-os/AICompanyManager/900.meta/r8z_v10gc_review_item_api_ui_execute_20260504_053612/000_R8Z_V10GC_REVIEW_ITEM_API_UI_EXECUTE_REPORT.md
 create mode 100644 03.business-os/AICompanyManager/900.meta/r8z_v10gc_review_item_api_ui_execute_20260504_053612/020_patch_analysis.txt
 create mode 100644 03.business-os/AICompanyManager/900.meta/r8z_v10gc_review_item_api_ui_execute_20260504_053612/080_db_precheck.tsv
 create mode 100644 03.business-os/AICompanyManager/900.meta/r8z_v10gc_review_item_api_ui_execute_20260504_053612/aicm-local-ui-api-server.before_v10gc.mjs
 create mode 100644 03.business-os/AICompanyManager/900.meta/r8z_v10gc_review_item_api_ui_execute_20260504_053612/aicm-production-core.before_v10gc.js
 create mode 100644 03.business-os/AICompanyManager/900.meta/r8z_v10gc_review_item_api_ui_execute_20260504_053612/patch_v10gc.cjs
