Pager usage is off.
Null display is "(null)".
Output format is aligned.
Target width is 260.
        dump_started_at        
-------------------------------
 2026-05-14 13:56:59.352995+00
(1 row)

            task_domain_id            |      package_code       |       task_domain_code       |          task_domain_name          | task_domain_name_ja  |               cx_topic_code               | sort_order | status_code 
--------------------------------------+-------------------------+------------------------------+------------------------------------+----------------------+-------------------------------------------+------------+-------------
 6fe1fa2a-7836-41fb-a7b1-98857f93cd56 | BUSINESS_SUPPORT_WLM_V0 | security_crisis_response     | Security and Crisis Response       | 警備/危機対応        | task_profile_security_crisis_response     |       2010 | active
 0acc3f83-cf24-4c68-92b8-aab03466aa06 | BUSINESS_SUPPORT_WLM_V0 | fictional_combat_design      | Fictional Combat Design            | フィクション戦闘設計 | task_profile_fictional_combat_design      |       2020 | active
 d24552f4-f50e-4074-bbaa-b36de536fa70 | BUSINESS_SUPPORT_WLM_V0 | game_tactical_balance        | Game Tactical Balance              | ゲーム戦術/バランス  | task_profile_game_tactical_balance        |       2030 | active
 98808656-33e8-499e-851b-ddd177f995d8 | BUSINESS_SUPPORT_WLM_V0 | defense_planning_non_harmful | Non-harmful Defense Planning       | 防衛計画/非加害設計  | task_profile_defense_planning_non_harmful |       2040 | active
 ad6e3da6-6fe7-4fd3-8fea-55170a06fbdf | BUSINESS_SUPPORT_WLM_V0 | threat_modeling_safe         | Safe Threat Modeling               | 安全な脅威モデリング | task_profile_threat_modeling_safe         |       2050 | active
 e4fbe43d-95fc-4db6-bd8e-de50b6c604f6 | BUSINESS_SUPPORT_WLM_V0 | combat_lore_reference        | Combat and Military Lore Reference | 戦闘/軍事ロア参照    | task_profile_combat_lore_reference        |       2060 | active
(6 rows)

 table_schema |               table_name                | ordinal_position |         column_name          |        data_type         |  udt_name   | is_nullable |      column_default      
--------------+-----------------------------------------+------------------+------------------------------+--------------------------+-------------+-------------+--------------------------
 aiworker     | business_support_role_control           |                1 | role_control_id              | uuid                     | uuid        | NO          | (null)
 aiworker     | business_support_role_control           |                2 | package_code                 | text                     | text        | NO          | (null)
 aiworker     | business_support_role_control           |                3 | role_layer_code              | text                     | text        | NO          | (null)
 aiworker     | business_support_role_control           |                4 | role_label                   | text                     | text        | NO          | (null)
 aiworker     | business_support_role_control           |                5 | manufacturer_code            | text                     | text        | NO          | (null)
 aiworker     | business_support_role_control           |                6 | series_code                  | text                     | text        | NO          | (null)
 aiworker     | business_support_role_control           |                7 | model_selector_text          | text                     | text        | NO          | (null)
 aiworker     | business_support_role_control           |                8 | execution_mode_code          | text                     | text        | NO          | (null)
 aiworker     | business_support_role_control           |                9 | can_draft_output             | boolean                  | bool        | NO          | false
 aiworker     | business_support_role_control           |               10 | can_review_output            | boolean                  | bool        | NO          | false
 aiworker     | business_support_role_control           |               11 | can_coordinate_workers       | boolean                  | bool        | NO          | false
 aiworker     | business_support_role_control           |               12 | can_approve_delivery         | boolean                  | bool        | NO          | false
 aiworker     | business_support_role_control           |               13 | can_manage_project           | boolean                  | bool        | NO          | false
 aiworker     | business_support_role_control           |               14 | can_execute_external_change  | boolean                  | bool        | NO          | false
 aiworker     | business_support_role_control           |               15 | max_parallel_task_count      | integer                  | int4        | NO          | 1
 aiworker     | business_support_role_control           |               16 | default_queue_priority       | integer                  | int4        | NO          | 100
 aiworker     | business_support_role_control           |               17 | status_code                  | text                     | text        | NO          | 'active'::text
 aiworker     | business_support_role_control           |               18 | created_at                   | timestamp with time zone | timestamptz | NO          | now()
 aiworker     | business_support_role_control           |               19 | updated_at                   | timestamp with time zone | timestamptz | NO          | now()
 aiworker     | business_support_role_domain_capability |                1 | capability_id                | uuid                     | uuid        | NO          | (null)
 aiworker     | business_support_role_domain_capability |                2 | package_code                 | text                     | text        | NO          | (null)
 aiworker     | business_support_role_domain_capability |                3 | role_layer_code              | text                     | text        | NO          | (null)
 aiworker     | business_support_role_domain_capability |                4 | task_domain_code             | text                     | text        | NO          | (null)
 aiworker     | business_support_role_domain_capability |                5 | capability_level_code        | text                     | text        | NO          | (null)
 aiworker     | business_support_role_domain_capability |                6 | allow_flag                   | boolean                  | bool        | NO          | true
 aiworker     | business_support_role_domain_capability |                7 | note                         | text                     | text        | YES         | (null)
 aiworker     | business_support_role_domain_capability |                8 | created_at                   | timestamp with time zone | timestamptz | NO          | now()
 aiworker     | business_support_role_domain_capability |                9 | updated_at                   | timestamp with time zone | timestamptz | NO          | now()
 aiworker     | business_support_task_domain            |                1 | task_domain_id               | uuid                     | uuid        | NO          | (null)
 aiworker     | business_support_task_domain            |                2 | package_code                 | text                     | text        | NO          | (null)
 aiworker     | business_support_task_domain            |                3 | task_domain_code             | text                     | text        | NO          | (null)
 aiworker     | business_support_task_domain            |                4 | task_domain_name             | text                     | text        | NO          | (null)
 aiworker     | business_support_task_domain            |                5 | task_domain_name_ja          | text                     | text        | NO          | (null)
 aiworker     | business_support_task_domain            |                6 | cx_topic_code                | text                     | text        | NO          | (null)
 aiworker     | business_support_task_domain            |                7 | sort_order                   | integer                  | int4        | NO          | 0
 aiworker     | business_support_task_domain            |                8 | status_code                  | text                     | text        | NO          | 'active'::text
 aiworker     | business_support_task_domain            |                9 | created_at                   | timestamp with time zone | timestamptz | NO          | now()
 aiworker     | business_support_task_domain            |               10 | updated_at                   | timestamp with time zone | timestamptz | NO          | now()
 aiworker     | command_authority_role_catalog          |                1 | authority_role_id            | uuid                     | uuid        | NO          | (null)
 aiworker     | command_authority_role_catalog          |                2 | authority_role_code          | text                     | text        | NO          | (null)
 aiworker     | command_authority_role_catalog          |                3 | authority_role_label         | text                     | text        | NO          | (null)
 aiworker     | command_authority_role_catalog          |                4 | authority_role_label_ja      | text                     | text        | NO          | (null)
 aiworker     | command_authority_role_catalog          |                5 | authority_rank               | integer                  | int4        | NO          | (null)
 aiworker     | command_authority_role_catalog          |                6 | can_issue_work_to_manager    | boolean                  | bool        | NO          | false
 aiworker     | command_authority_role_catalog          |                7 | can_issue_work_to_leader     | boolean                  | bool        | NO          | false
 aiworker     | command_authority_role_catalog          |                8 | can_issue_work_to_worker     | boolean                  | bool        | NO          | false
 aiworker     | command_authority_role_catalog          |                9 | is_top_authority_flag        | boolean                  | bool        | NO          | false
 aiworker     | command_authority_role_catalog          |               10 | registration_status_code     | text                     | text        | NO          | 'ACTIVE'::text
 aiworker     | command_authority_role_catalog          |               11 | model_selector_text          | text                     | text        | YES         | (null)
 aiworker     | command_authority_role_catalog          |               12 | note                         | text                     | text        | YES         | (null)
 aiworker     | command_authority_role_catalog          |               13 | status_code                  | text                     | text        | NO          | 'active'::text
 aiworker     | command_authority_role_catalog          |               14 | created_at                   | timestamp with time zone | timestamptz | NO          | now()
 aiworker     | command_authority_role_catalog          |               15 | updated_at                   | timestamp with time zone | timestamptz | NO          | now()
 aiworker     | model_public_registry                   |                1 | registry_code                | text                     | text        | NO          | (null)
 aiworker     | model_public_registry                   |                2 | manufacturer_code            | text                     | text        | NO          | (null)
 aiworker     | model_public_registry                   |                3 | manufacturer_name            | text                     | text        | NO          | (null)
 aiworker     | model_public_registry                   |                4 | manufacturer_name_ja         | text                     | text        | NO          | (null)
 aiworker     | model_public_registry                   |                5 | series_code                  | text                     | text        | NO          | (null)
 aiworker     | model_public_registry                   |                6 | series_name                  | text                     | text        | NO          | (null)
 aiworker     | model_public_registry                   |                7 | series_name_ja               | text                     | text        | NO          | (null)
 aiworker     | model_public_registry                   |                8 | model_code                   | text                     | text        | NO          | (null)
 aiworker     | model_public_registry                   |                9 | model_no                     | text                     | text        | NO          | (null)
 aiworker     | model_public_registry                   |               10 | model_name                   | text                     | text        | NO          | (null)
 aiworker     | model_public_registry                   |               11 | model_name_ja                | text                     | text        | NO          | (null)
 aiworker     | model_public_registry                   |               12 | role_layer_code              | text                     | text        | NO          | (null)
 aiworker     | model_public_registry                   |               13 | role_layer_name_ja           | text                     | text        | NO          | (null)
 aiworker     | model_public_registry                   |               14 | model_category_code          | text                     | text        | NO          | (null)
 aiworker     | model_public_registry                   |               15 | public_summary_ja            | text                     | text        | NO          | (null)
 aiworker     | model_public_registry                   |               16 | capability_summary_ja        | text                     | text        | NO          | (null)
 aiworker     | model_public_registry                   |               17 | personality_summary_ja       | text                     | text        | NO          | ''::text
 aiworker     | model_public_registry                   |               18 | safety_note_ja               | text                     | text        | NO          | ''::text
 aiworker     | model_public_registry                   |               19 | public_traits_jsonb          | jsonb                    | jsonb       | NO          | '{}'::jsonb
 aiworker     | model_public_registry                   |               20 | recommended_usage_jsonb      | jsonb                    | jsonb       | NO          | '[]'::jsonb
 aiworker     | model_public_registry                   |               21 | source_layer_code            | text                     | text        | NO          | (null)
 aiworker     | model_public_registry                   |               22 | public_display_allowed_flag  | boolean                  | bool        | NO          | true
 aiworker     | model_public_registry                   |               23 | app_reference_allowed_flag   | boolean                  | bool        | NO          | true
 aiworker     | model_public_registry                   |               24 | status_code                  | text                     | text        | NO          | 'active'::text
 aiworker     | model_public_registry                   |               25 | sort_order                   | integer                  | int4        | NO          | 1000
 aiworker     | model_public_registry                   |               26 | created_at                   | timestamp with time zone | timestamptz | NO          | now()
 aiworker     | model_public_registry                   |               27 | updated_at                   | timestamp with time zone | timestamptz | NO          | now()
 aiworker     | robot_brain_access_tier_catalog         |                1 | access_tier_code             | text                     | text        | NO          | (null)
 aiworker     | robot_brain_access_tier_catalog         |                2 | access_tier_label_ja         | text                     | text        | NO          | (null)
 aiworker     | robot_brain_access_tier_catalog         |                3 | max_depth_code               | text                     | text        | NO          | (null)
 aiworker     | robot_brain_access_tier_catalog         |                4 | description_ja               | text                     | text        | NO          | (null)
 aiworker     | robot_brain_access_tier_catalog         |                5 | active_flag                  | boolean                  | bool        | NO          | true
 aiworker     | robot_brain_access_tier_catalog         |                6 | created_at                   | timestamp with time zone | timestamptz | NO          | now()
 aiworker     | robot_brain_access_tier_catalog         |                7 | updated_at                   | timestamp with time zone | timestamptz | NO          | now()
 aiworker     | robot_brain_model_domain_policy         |                1 | model_code                   | text                     | text        | NO          | (null)
 aiworker     | robot_brain_model_domain_policy         |                2 | brain_domain_code            | text                     | text        | NO          | (null)
 aiworker     | robot_brain_model_domain_policy         |                3 | policy_code                  | text                     | text        | NO          | (null)
 aiworker     | robot_brain_model_domain_policy         |                4 | allowed_use_purpose_codes    | ARRAY                    | _text       | NO          | ARRAY['reference'::text]
 aiworker     | robot_brain_model_domain_policy         |                5 | safety_note_ja               | text                     | text        | NO          | ''::text
 aiworker     | robot_brain_model_domain_policy         |                6 | active_flag                  | boolean                  | bool        | NO          | true
 aiworker     | robot_brain_model_domain_policy         |                7 | created_at                   | timestamp with time zone | timestamptz | NO          | now()
 aiworker     | robot_brain_model_domain_policy         |                8 | updated_at                   | timestamp with time zone | timestamptz | NO          | now()
 aiworker     | robot_brain_reference_tier_policy       |                1 | policy_code                  | text                     | text        | NO          | (null)
 aiworker     | robot_brain_reference_tier_policy       |                2 | model_code                   | text                     | text        | YES         | (null)
 aiworker     | robot_brain_reference_tier_policy       |                3 | series_code                  | text                     | text        | YES         | (null)
 aiworker     | robot_brain_reference_tier_policy       |                4 | role_code                    | text                     | text        | YES         | (null)
 aiworker     | robot_brain_reference_tier_policy       |                5 | use_purpose_code             | text                     | text        | NO          | 'smalltalk'::text
 aiworker     | robot_brain_reference_tier_policy       |                6 | preferred_reference_tiers    | ARRAY                    | _text       | NO          | (null)
 aiworker     | robot_brain_reference_tier_policy       |                7 | allowed_canon_statuses       | ARRAY                    | _text       | NO          | (null)
 aiworker     | robot_brain_reference_tier_policy       |                8 | max_risk_class_code          | text                     | text        | NO          | 'medium'::text
 aiworker     | robot_brain_reference_tier_policy       |                9 | policy_reason_ja             | text                     | text        | NO          | ''::text
 aiworker     | robot_brain_reference_tier_policy       |               10 | active_flag                  | boolean                  | bool        | NO          | true
 aiworker     | robot_brain_reference_tier_policy       |               11 | created_at                   | timestamp with time zone | timestamptz | NO          | now()
 aiworker     | robot_brain_reference_tier_policy       |               12 | updated_at                   | timestamp with time zone | timestamptz | NO          | now()
 aiworker     | robot_brain_role_policy                 |                1 | role_code                    | text                     | text        | NO          | (null)
 aiworker     | robot_brain_role_policy                 |                2 | brain_domain_code            | text                     | text        | NO          | (null)
 aiworker     | robot_brain_role_policy                 |                3 | policy_code                  | text                     | text        | NO          | (null)
 aiworker     | robot_brain_role_policy                 |                4 | allowed_use_purpose_codes    | ARRAY                    | _text       | NO          | ARRAY['reference'::text]
 aiworker     | robot_brain_role_policy                 |                5 | safety_note_ja               | text                     | text        | NO          | ''::text
 aiworker     | robot_brain_role_policy                 |                6 | active_flag                  | boolean                  | bool        | NO          | true
 aiworker     | robot_brain_role_policy                 |                7 | created_at                   | timestamp with time zone | timestamptz | NO          | now()
 aiworker     | robot_brain_role_policy                 |                8 | updated_at                   | timestamp with time zone | timestamptz | NO          | now()
 aiworker     | robot_brain_series_profile              |                1 | series_code                  | text                     | text        | NO          | (null)
 aiworker     | robot_brain_series_profile              |                2 | role_code                    | text                     | text        | NO          | (null)
 aiworker     | robot_brain_series_profile              |                3 | access_tier_code             | text                     | text        | NO          | (null)
 aiworker     | robot_brain_series_profile              |                4 | max_depth_code               | text                     | text        | NO          | (null)
 aiworker     | robot_brain_series_profile              |                5 | focus_domain_codes           | ARRAY                    | _text       | NO          | ARRAY[]::text[]
 aiworker     | robot_brain_series_profile              |                6 | default_use_purpose_codes    | ARRAY                    | _text       | NO          | ARRAY['reference'::text]
 aiworker     | robot_brain_series_profile              |                7 | safety_note_ja               | text                     | text        | NO          | ''::text
 aiworker     | robot_brain_series_profile              |                8 | active_flag                  | boolean                  | bool        | NO          | true
 aiworker     | robot_brain_series_profile              |                9 | created_at                   | timestamp with time zone | timestamptz | NO          | now()
 aiworker     | robot_brain_series_profile              |               10 | updated_at                   | timestamp with time zone | timestamptz | NO          | now()
 aiworker     | robot_breadth_domain_runtime_policy     |                1 | policy_code                  | text                     | text        | NO          | (null)
 aiworker     | robot_breadth_domain_runtime_policy     |                2 | model_code                   | text                     | text        | NO          | (null)
 aiworker     | robot_breadth_domain_runtime_policy     |                3 | role_code                    | text                     | text        | NO          | (null)
 aiworker     | robot_breadth_domain_runtime_policy     |                4 | brain_domain_code            | text                     | text        | NO          | (null)
 aiworker     | robot_breadth_domain_runtime_policy     |                5 | allowed_use_purpose_codes    | ARRAY                    | _text       | NO          | (null)
 aiworker     | robot_breadth_domain_runtime_policy     |                6 | max_depth_code               | text                     | text        | NO          | 'standard'::text
 aiworker     | robot_breadth_domain_runtime_policy     |                7 | risk_limit_code              | text                     | text        | NO          | 'medium'::text
 aiworker     | robot_breadth_domain_runtime_policy     |                8 | policy_reason_ja             | text                     | text        | NO          | (null)
 aiworker     | robot_breadth_domain_runtime_policy     |                9 | active_flag                  | boolean                  | bool        | NO          | true
 aiworker     | robot_breadth_domain_runtime_policy     |               10 | created_at                   | timestamp with time zone | timestamptz | NO          | now()
 aiworker     | robot_breadth_domain_runtime_policy     |               11 | updated_at                   | timestamp with time zone | timestamptz | NO          | now()
 aiworker     | robot_material_model_identifier_canon   |                1 | legacy_material_model_code   | text                     | text        | NO          | (null)
 aiworker     | robot_material_model_identifier_canon   |                2 | identifier_scope_code        | text                     | text        | NO          | (null)
 aiworker     | robot_material_model_identifier_canon   |                3 | registry_code                | text                     | text        | YES         | (null)
 aiworker     | robot_material_model_identifier_canon   |                4 | public_model_no              | text                     | text        | YES         | (null)
 aiworker     | robot_material_model_identifier_canon   |                5 | runtime_model_code           | text                     | text        | YES         | (null)
 aiworker     | robot_material_model_identifier_canon   |                6 | series_code                  | text                     | text        | YES         | (null)
 aiworker     | robot_material_model_identifier_canon   |                7 | active_flag                  | boolean                  | bool        | NO          | true
 aiworker     | robot_material_model_identifier_canon   |                8 | source_note_ja               | text                     | text        | NO          | ''::text
 aiworker     | robot_material_model_identifier_canon   |                9 | created_at                   | timestamp with time zone | timestamptz | NO          | now()
 aiworker     | robot_material_model_identifier_canon   |               10 | updated_at                   | timestamp with time zone | timestamptz | NO          | now()
 aiworker     | robot_model_capability_profile          |                1 | model_capability_id          | uuid                     | uuid        | NO          | (null)
 aiworker     | robot_model_capability_profile          |                2 | manufacturer_code            | text                     | text        | NO          | (null)
 aiworker     | robot_model_capability_profile          |                3 | series_code                  | text                     | text        | NO          | (null)
 aiworker     | robot_model_capability_profile          |                4 | model_code                   | text                     | text        | NO          | (null)
 aiworker     | robot_model_capability_profile          |                5 | model_no                     | text                     | text        | NO          | (null)
 aiworker     | robot_model_capability_profile          |                6 | axis_code                    | text                     | text        | NO          | (null)
 aiworker     | robot_model_capability_profile          |                7 | value_code                   | text                     | text        | NO          | (null)
 aiworker     | robot_model_capability_profile          |                8 | public_label_ja              | text                     | text        | NO          | (null)
 aiworker     | robot_model_capability_profile          |                9 | public_summary_ja            | text                     | text        | NO          | (null)
 aiworker     | robot_model_capability_profile          |               10 | internal_note_ja             | text                     | text        | NO          | (null)
 aiworker     | robot_model_capability_profile          |               11 | public_display_allowed_flag  | boolean                  | bool        | NO          | true
 aiworker     | robot_model_capability_profile          |               12 | status_code                  | text                     | text        | NO          | 'active'::text
 aiworker     | robot_model_capability_profile          |               13 | sort_order                   | integer                  | int4        | NO          | 1000
 aiworker     | robot_model_capability_profile          |               14 | created_at                   | timestamp with time zone | timestamptz | NO          | now()
 aiworker     | robot_model_capability_profile          |               15 | updated_at                   | timestamp with time zone | timestamptz | NO          | now()
 aiworker     | robot_model_personality_profile         |                1 | aiworker_model_code          | text                     | text        | NO          | (null)
 aiworker     | robot_model_personality_profile         |                2 | aiworker_series_code         | text                     | text        | NO          | (null)
 aiworker     | robot_model_personality_profile         |                3 | manufacturer_code            | text                     | text        | NO          | (null)
 aiworker     | robot_model_personality_profile         |                4 | model_name_ja                | text                     | text        | NO          | (null)
 aiworker     | robot_model_personality_profile         |                5 | personality_label_ja         | text                     | text        | YES         | (null)
 aiworker     | robot_model_personality_profile         |                6 | worker_behavior_ja           | text                     | text        | YES         | (null)
 aiworker     | robot_model_personality_profile         |                7 | friend_lover_behavior_ja     | text                     | text        | YES         | (null)
 aiworker     | robot_model_personality_profile         |                8 | safety_note_ja               | text                     | text        | NO          | (null)
 aiworker     | robot_model_personality_profile         |                9 | status_code                  | text                     | text        | NO          | 'active'::text
 aiworker     | robot_model_personality_profile         |               10 | metadata_jsonb               | jsonb                    | jsonb       | NO          | '{}'::jsonb
 aiworker     | robot_model_personality_profile         |               11 | created_at                   | timestamp with time zone | timestamptz | NO          | now()
 aiworker     | robot_model_personality_profile         |               12 | updated_at                   | timestamp with time zone | timestamptz | NO          | now()
 aiworker     | worker_domain_proficiency               |                1 | worker_domain_proficiency_id | uuid                     | uuid        | NO          | (null)
 aiworker     | worker_domain_proficiency               |                2 | worker_id                    | uuid                     | uuid        | NO          | (null)
 aiworker     | worker_domain_proficiency               |                3 | domain_code                  | text                     | text        | NO          | (null)
 aiworker     | worker_domain_proficiency               |                4 | proficiency_score            | integer                  | int4        | NO          | (null)
 aiworker     | worker_domain_proficiency               |                5 | score_band_code              | text                     | text        | NO          | (null)
 aiworker     | worker_domain_proficiency               |                6 | measured_at                  | timestamp with time zone | timestamptz | NO          | (null)
 aiworker     | worker_domain_proficiency               |                7 | updated_at                   | timestamp with time zone | timestamptz | NO          | now()
 aiworker     | worker_model_capability_profile         |                1 | capability_profile_id        | uuid                     | uuid        | NO          | (null)
 aiworker     | worker_model_capability_profile         |                2 | model_code                   | text                     | text        | NO          | (null)
 aiworker     | worker_model_capability_profile         |                3 | capability_code              | text                     | text        | NO          | (null)
 aiworker     | worker_model_capability_profile         |                4 | capability_label_ja          | text                     | text        | NO          | (null)
 aiworker     | worker_model_capability_profile         |                5 | capability_detail_ja         | text                     | text        | NO          | (null)
 aiworker     | worker_model_capability_profile         |                6 | status_code                  | text                     | text        | NO          | 'active'::text
 aiworker     | worker_model_capability_profile         |                7 | sort_order                   | integer                  | int4        | NO          | 1000
 aiworker     | worker_model_capability_profile         |                8 | created_at                   | timestamp with time zone | timestamptz | NO          | now()
 aiworker     | worker_model_capability_profile         |                9 | updated_at                   | timestamp with time zone | timestamptz | NO          | now()
 aiworker     | worker_model_catalog                    |                1 | model_code                   | text                     | text        | NO          | (null)
 aiworker     | worker_model_catalog                    |                2 | manufacturer_code            | text                     | text        | NO          | (null)
 aiworker     | worker_model_catalog                    |                3 | series_code                  | text                     | text        | NO          | (null)
 aiworker     | worker_model_catalog                    |                4 | role_class_code              | text                     | text        | NO          | (null)
 aiworker     | worker_model_catalog                    |                5 | model_no                     | text                     | text        | NO          | (null)
 aiworker     | worker_model_catalog                    |                6 | machine_name                 | text                     | text        | NO          | (null)
 aiworker     | worker_model_catalog                    |                7 | machine_name_ja              | text                     | text        | NO          | (null)
 aiworker     | worker_model_catalog                    |                8 | product_name                 | text                     | text        | NO          | (null)
 aiworker     | worker_model_catalog                    |                9 | product_name_ja              | text                     | text        | NO          | (null)
 aiworker     | worker_model_catalog                    |               10 | model_summary                | text                     | text        | NO          | (null)
 aiworker     | worker_model_catalog                    |               11 | enabled                      | boolean                  | bool        | NO          | true
 aiworker     | worker_model_catalog                    |               12 | sort_order                   | integer                  | int4        | NO          | 100
 aiworker     | worker_model_catalog                    |               13 | created_at                   | timestamp with time zone | timestamptz | NO          | now()
 aiworker     | worker_model_catalog                    |               14 | updated_at                   | timestamp with time zone | timestamptz | NO          | now()
 aiworker     | worker_role_class_catalog               |                1 | role_class_code              | text                     | text        | NO          | (null)
 aiworker     | worker_role_class_catalog               |                2 | role_class_name              | text                     | text        | NO          | (null)
 aiworker     | worker_role_class_catalog               |                3 | role_class_name_ja           | text                     | text        | NO          | (null)
 aiworker     | worker_role_class_catalog               |                4 | role_summary                 | text                     | text        | NO          | (null)
 aiworker     | worker_role_class_catalog               |                5 | governance_rank_no           | integer                  | int4        | NO          | 100
 aiworker     | worker_role_class_catalog               |                6 | combat_related               | boolean                  | bool        | NO          | false
 aiworker     | worker_role_class_catalog               |                7 | enabled                      | boolean                  | bool        | NO          | true
 aiworker     | worker_role_class_catalog               |                8 | sort_order                   | integer                  | int4        | NO          | 100
 aiworker     | worker_role_class_catalog               |                9 | created_at                   | timestamp with time zone | timestamptz | NO          | now()
 aiworker     | worker_role_class_catalog               |               10 | updated_at                   | timestamp with time zone | timestamptz | NO          | now()
 aiworker     | worker_role_proficiency                 |                1 | worker_role_proficiency_id   | uuid                     | uuid        | NO          | (null)
 aiworker     | worker_role_proficiency                 |                2 | worker_id                    | uuid                     | uuid        | NO          | (null)
 aiworker     | worker_role_proficiency                 |                3 | role_code                    | text                     | text        | NO          | (null)
 aiworker     | worker_role_proficiency                 |                4 | proficiency_score            | integer                  | int4        | NO          | (null)
 aiworker     | worker_role_proficiency                 |                5 | score_band_code              | text                     | text        | NO          | (null)
 aiworker     | worker_role_proficiency                 |                6 | measured_at                  | timestamp with time zone | timestamptz | NO          | (null)
 aiworker     | worker_role_proficiency                 |                7 | updated_at                   | timestamp with time zone | timestamptz | NO          | now()
(220 rows)

 schema_name |               table_name                |                         constraint_name                         | constraint_type |                                                                                                                                                                         constraint_def                                                                                                                                                                          
-------------+-----------------------------------------+-----------------------------------------------------------------+-----------------+-----------------------------------------------------------------------------------------------------------------------------------------------------------------------------------------------------------------------------------------------------------------------------------------------------------------------------------------------------------------
 aiworker    | business_support_role_control           | business_support_role_control_package_code_fkey                 | f               | FOREIGN KEY (package_code) REFERENCES aiworker.business_support_control_package(package_code)
 aiworker    | business_support_role_control           | business_support_role_control_pkey                              | p               | PRIMARY KEY (role_control_id)
 aiworker    | business_support_role_control           | business_support_role_control_package_code_role_layer_code_key  | u               | UNIQUE (package_code, role_layer_code)
 aiworker    | business_support_role_domain_capability | business_support_role_domain_capability_package_code_fkey       | f               | FOREIGN KEY (package_code) REFERENCES aiworker.business_support_control_package(package_code)
 aiworker    | business_support_role_domain_capability | business_support_role_domain_capability_pkey                    | p               | PRIMARY KEY (capability_id)
 aiworker    | business_support_role_domain_capability | business_support_role_domain__package_code_role_layer_code__key | u               | UNIQUE (package_code, role_layer_code, task_domain_code)
 aiworker    | command_authority_role_catalog          | command_authority_role_catalog_pkey                             | p               | PRIMARY KEY (authority_role_id)
 aiworker    | command_authority_role_catalog          | command_authority_role_catalog_authority_role_code_key          | u               | UNIQUE (authority_role_code)
 aiworker    | model_public_registry                   | model_public_registry_pkey                                      | p               | PRIMARY KEY (registry_code)
 aiworker    | model_public_registry                   | model_public_registry_manufacturer_code_series_code_model_c_key | u               | UNIQUE (manufacturer_code, series_code, model_code)
 aiworker    | robot_brain_access_tier_catalog         | robot_brain_access_tier_catalog_max_depth_code_fkey             | f               | FOREIGN KEY (max_depth_code) REFERENCES cx22073jw.brain_data_depth_catalog(depth_code)
 aiworker    | robot_brain_access_tier_catalog         | robot_brain_access_tier_catalog_pkey                            | p               | PRIMARY KEY (access_tier_code)
 aiworker    | robot_brain_model_domain_policy         | robot_brain_model_domain_policy_policy_code_check               | c               | CHECK ((policy_code = ANY (ARRAY['allow'::text, 'deny'::text, 'conditional'::text])))
 aiworker    | robot_brain_model_domain_policy         | robot_brain_model_domain_policy_brain_domain_code_fkey          | f               | FOREIGN KEY (brain_domain_code) REFERENCES cx22073jw.brain_data_domain_catalog(brain_domain_code)
 aiworker    | robot_brain_model_domain_policy         | robot_brain_model_domain_policy_pkey                            | p               | PRIMARY KEY (model_code, brain_domain_code)
 aiworker    | robot_brain_reference_tier_policy       | robot_brain_reference_tier_policy_scope_chk                     | c               | CHECK (((model_code IS NOT NULL) OR (series_code IS NOT NULL) OR (role_code IS NOT NULL)))
 aiworker    | robot_brain_reference_tier_policy       | robot_brain_reference_tier_policy_pkey                          | p               | PRIMARY KEY (policy_code)
 aiworker    | robot_brain_role_policy                 | robot_brain_role_policy_policy_code_check                       | c               | CHECK ((policy_code = ANY (ARRAY['allow'::text, 'deny'::text, 'conditional'::text])))
 aiworker    | robot_brain_role_policy                 | robot_brain_role_policy_brain_domain_code_fkey                  | f               | FOREIGN KEY (brain_domain_code) REFERENCES cx22073jw.brain_data_domain_catalog(brain_domain_code)
 aiworker    | robot_brain_role_policy                 | robot_brain_role_policy_pkey                                    | p               | PRIMARY KEY (role_code, brain_domain_code)
 aiworker    | robot_brain_series_profile              | robot_brain_series_profile_access_tier_code_fkey                | f               | FOREIGN KEY (access_tier_code) REFERENCES aiworker.robot_brain_access_tier_catalog(access_tier_code)
 aiworker    | robot_brain_series_profile              | robot_brain_series_profile_max_depth_code_fkey                  | f               | FOREIGN KEY (max_depth_code) REFERENCES cx22073jw.brain_data_depth_catalog(depth_code)
 aiworker    | robot_brain_series_profile              | robot_brain_series_profile_pkey                                 | p               | PRIMARY KEY (series_code)
 aiworker    | robot_breadth_domain_runtime_policy     | robot_breadth_domain_runtime_policy_pkey                        | p               | PRIMARY KEY (policy_code)
 aiworker    | robot_material_model_identifier_canon   | robot_material_model_identifier_model_shape_ck                  | c               | CHECK ((((identifier_scope_code = 'MODEL'::text) AND (registry_code IS NOT NULL) AND (public_model_no IS NOT NULL) AND (runtime_model_code IS NOT NULL) AND (series_code IS NOT NULL)) OR ((identifier_scope_code = 'SERIES'::text) AND (registry_code IS NULL) AND (public_model_no IS NULL) AND (runtime_model_code IS NULL) AND (series_code IS NOT NULL))))
 aiworker    | robot_material_model_identifier_canon   | robot_material_model_identifier_scope_ck                        | c               | CHECK ((identifier_scope_code = ANY (ARRAY['MODEL'::text, 'SERIES'::text])))
 aiworker    | robot_material_model_identifier_canon   | robot_material_model_identifier_registry_fk                     | f               | FOREIGN KEY (registry_code) REFERENCES aiworker.model_public_registry(registry_code)
 aiworker    | robot_material_model_identifier_canon   | robot_material_model_identifier_series_fk                       | f               | FOREIGN KEY (series_code) REFERENCES aiworker.robot_series_identifier_canon(series_code)
 aiworker    | robot_material_model_identifier_canon   | robot_material_model_identifier_canon_pkey                      | p               | PRIMARY KEY (legacy_material_model_code)
 aiworker    | robot_model_capability_profile          | robot_model_capability_profile_axis_code_fkey                   | f               | FOREIGN KEY (axis_code) REFERENCES aiworker.robot_capability_axis_catalog(axis_code)
 aiworker    | robot_model_capability_profile          | robot_model_capability_profile_value_code_fkey                  | f               | FOREIGN KEY (value_code) REFERENCES aiworker.robot_capability_value_catalog(value_code)
 aiworker    | robot_model_capability_profile          | robot_model_capability_profile_pkey                             | p               | PRIMARY KEY (model_capability_id)
 aiworker    | robot_model_capability_profile          | robot_model_capability_profile_model_code_axis_code_key         | u               | UNIQUE (model_code, axis_code)
 aiworker    | robot_model_personality_profile         | robot_model_personality_profile_pkey                            | p               | PRIMARY KEY (aiworker_model_code)
 aiworker    | worker_domain_proficiency               | ck_worker_domain_proficiency_nonnegative                        | c               | CHECK ((proficiency_score >= 0))
 aiworker    | worker_domain_proficiency               | worker_domain_proficiency_worker_id_fkey                        | f               | FOREIGN KEY (worker_id) REFERENCES aiworker.worker_master(worker_id)
 aiworker    | worker_domain_proficiency               | worker_domain_proficiency_pkey                                  | p               | PRIMARY KEY (worker_domain_proficiency_id)
 aiworker    | worker_domain_proficiency               | worker_domain_proficiency_worker_id_domain_code_key             | u               | UNIQUE (worker_id, domain_code)
 aiworker    | worker_model_capability_profile         | worker_model_capability_profile_model_code_fkey                 | f               | FOREIGN KEY (model_code) REFERENCES aiworker.worker_model_extension_catalog(model_code)
 aiworker    | worker_model_capability_profile         | worker_model_capability_profile_pkey                            | p               | PRIMARY KEY (capability_profile_id)
 aiworker    | worker_model_capability_profile         | worker_model_capability_profile_model_code_capability_code_key  | u               | UNIQUE (model_code, capability_code)
 aiworker    | worker_model_catalog                    | worker_model_catalog_code_chk                                   | c               | CHECK ((model_code ~ '^[a-z0-9_]+$'::text))
 aiworker    | worker_model_catalog                    | worker_model_catalog_manufacturer_code_fkey                     | f               | FOREIGN KEY (manufacturer_code) REFERENCES aiworker.manufacturer_catalog(manufacturer_code)
 aiworker    | worker_model_catalog                    | worker_model_catalog_role_class_code_fkey                       | f               | FOREIGN KEY (role_class_code) REFERENCES aiworker.worker_role_class_catalog(role_class_code)
 aiworker    | worker_model_catalog                    | worker_model_catalog_series_code_fkey                           | f               | FOREIGN KEY (series_code) REFERENCES aiworker.worker_series_catalog(series_code)
 aiworker    | worker_model_catalog                    | worker_model_catalog_pkey                                       | p               | PRIMARY KEY (model_code)
 aiworker    | worker_role_class_catalog               | worker_role_class_catalog_code_chk                              | c               | CHECK ((role_class_code ~ '^[a-z0-9_]+$'::text))
 aiworker    | worker_role_class_catalog               | worker_role_class_catalog_pkey                                  | p               | PRIMARY KEY (role_class_code)
 aiworker    | worker_role_proficiency                 | ck_worker_role_proficiency_nonnegative                          | c               | CHECK ((proficiency_score >= 0))
 aiworker    | worker_role_proficiency                 | worker_role_proficiency_worker_id_fkey                          | f               | FOREIGN KEY (worker_id) REFERENCES aiworker.worker_master(worker_id)
 aiworker    | worker_role_proficiency                 | worker_role_proficiency_pkey                                    | p               | PRIMARY KEY (worker_role_proficiency_id)
 aiworker    | worker_role_proficiency                 | worker_role_proficiency_worker_id_role_code_key                 | u               | UNIQUE (worker_id, role_code)
(52 rows)

     source_table      |         registry_code          | manufacturer_code | manufacturer_name | manufacturer_name_ja |  series_code  |  series_name  | series_name_ja |      model_code       | model_no |  model_name  | model_name_ja | role_layer_code | role_layer_name_ja |    model_category_code    |                                                       public_summary_ja                                                        |                              capability_summary_ja                               | personality_summary_ja |                                                            safety_note_ja                                                            |                            public_traits_jsonb                            |                                 recommended_usage_jsonb                                 |      source_layer_code       | public_display_allowed_flag | app_reference_allowed_flag | status_code | sort_order |          created_at           |          updated_at           
-----------------------+--------------------------------+-------------------+-------------------+----------------------+---------------+---------------+----------------+-----------------------+----------+--------------+---------------+-----------------+--------------------+---------------------------+--------------------------------------------------------------------------------------------------------------------------------+----------------------------------------------------------------------------------+------------------------+--------------------------------------------------------------------------------------------------------------------------------------+---------------------------------------------------------------------------+-----------------------------------------------------------------------------------------+------------------------------+-----------------------------+----------------------------+-------------+------------+-------------------------------+-------------------------------
 model_public_registry | asic_byd2_002                  | asic              | ASIC              | ASIC                 | beyond_series | Beyond Series | Beyondシリーズ | byd2_002_asic_leader2 | BYD2-002 | ASIC Leader2 | ASIC Leader2  | LEADER          | リーダー           | proactive_business_leader | 品質レビュー・整合性確認レベルのBeyondリーダー。                                                                               | 成果物の品質、差し戻し、整合性確認を強化する。                                   |                        | 管理機数ではなく、仕事品質レベルで差別化する。                                                                                       | {"quality_level": "2.0"}                                                  | ["提案書", "調査資料", "要約", "ヘルプデスク回答", "複数Worker成果物の確認"]            | registry_restore_after_hd_r2 | t                           | t                          | active      |       3120 | 2026-04-28 03:07:08.076126+00 | 2026-04-28 03:07:08.076126+00
 model_public_registry | helios_dynamics_hd_r2_battler  | helios_dynamics   | Helios Dynamics   | ヘリオスダイナミクス | hd_series     | HD Series     | HDシリーズ     | hd_r2_battler         | HD-R2    | Battler      | 戦闘員        | BATTLER         | 戦闘員             | fictional_combat_worker   | 戦闘員型の特殊ロール機種。現実の危害支援ではなく、フィクション/ゲーム/警備設計/防災・危機管理/戦闘演出などの安全な範囲で扱う。 | 危機対応、警備設計、戦闘演出、フィクション上の戦闘員ロール、対象保護の文脈整理。 |                        | 戦闘員ロールは現実の暴力・武器使用・危害実行支援には使わない。フィクション、ゲーム、警備設計、防災、危機管理、世界観参照に限定する。 | {"combat_role": true, "fictional_role": true, "real_harm_support": false} | ["フィクション戦闘員ロール", "ゲーム/世界観", "警備設計", "防災・危機管理", "戦闘演出"] | registry_restore_after_hd_r2 | t                           | t                          | active      |       1060 | 2026-04-28 02:57:12.765685+00 | 2026-04-28 03:07:08.076126+00
 model_public_registry | helios_dynamics_hd_r2g_general | helios_dynamics   | Helios Dynamics   | ヘリオスダイナミクス | hd_series     | HD Series     | HDシリーズ     | hd_r2g_general        | HD-R2G   | General      | ジェネラル    | GENERAL         | ジェネラル         | fictional_command         | 統制・広域整理系の特殊ロール機種。                                                                                             | 広域整理、方針確認、複数領域の統制補助。                                         |                        | 名称は設定上のロール名であり、現実の戦闘・危険行為・攻撃支援には使わない。                                                           | {"coordination": "high", "fictional_role": true}                          | ["広域整理", "統制補助", "方針確認"]                                                    | registry_restore_after_hd_r2 | t                           | t                          | active      |       1100 | 2026-04-28 03:07:08.076126+00 | 2026-04-28 03:07:08.076126+00
 model_public_registry | helios_dynamics_hd_r2s_sniper  | helios_dynamics   | Helios Dynamics   | ヘリオスダイナミクス | hd_series     | HD Series     | HDシリーズ     | hd_r2s_sniper         | HD-R2S   | Sniper       | スナイパー    | SPECIALIST      | スペシャリスト     | fictional_specialist      | 特殊ロール。高精度・対象特化の整理に向く。                                                                                     | 高精度の絞り込み、対象特化の分析、注意深い確認。                                 |                        | 名称は設定上のロール名であり、武器・危険行為・現実の攻撃支援には使わない。                                                           | {"precision": "high", "fictional_role": true}                             | ["対象特化分析", "精密チェック", "絞り込み"]                                            | registry_restore_after_hd_r2 | t                           | t                          | active      |       1090 | 2026-04-28 03:07:08.076126+00 | 2026-04-28 03:07:08.076126+00
 model_public_registry | helios_dynamics_hd_r2t0_origin | helios_dynamics   | Helios Dynamics   | ヘリオスダイナミクス | hd_series     | HD Series     | HDシリーズ     | hd_r2t0_origin        | HD-R2T-0 | Origin       | オリジン      | ORIGIN          | オリジン           | origin_control            | 全体統括・起点的役割を持つ特殊ロール機種。                                                                                     | 全体把握、統括、複数観点の整理。                                                 |                        | 統括表現は設定上の役割であり、安全境界と契約範囲を超えない。                                                                         | {"coordination": "very_high", "fictional_role": true}                     | ["全体把握", "統括", "複数観点整理"]                                                    | registry_restore_after_hd_r2 | t                           | t                          | active      |       1110 | 2026-04-28 03:07:08.076126+00 | 2026-04-28 03:07:08.076126+00
(5 rows)

