Pager usage is off.
Output format is aligned.
BEGIN
          check_name          |             check_value              
------------------------------+--------------------------------------
 VIEW_TOTAL_COUNT             | 38
 VIEW_UI_PENDING_COUNT        | 34
 ROLLBACK_DELETE_UPDATE_COUNT | 1
 ROLLBACK_DELETE_TARGET_ID    | 436b26b8-ea94-47d3-847e-69ba7d8e646c
 ROLLBACK_DELETE_TARGET_TITLE | 開発案件全体ロードマップの整備
(5 rows)

ROLLBACK
         check_name          | check_value 
-----------------------------+-------------
 PERSISTENT_PROBE_MARK_COUNT | 0
(1 row)

              check_name              | check_value 
--------------------------------------+-------------
 VIEW_UI_PENDING_COUNT_AFTER_ROLLBACK | 34
(1 row)

