VM_ERROR_COUNT=2
DASHBOARD_HTML_LENGTH=1653
DEPARTMENT_HTML_LENGTH=0
SECTION_HTML_LENGTH=0
DEPARTMENT_HAS_NAME_INPUT=0
DEPARTMENT_HAS_SAVE=0
SECTION_HAS_NAME_INPUT=0
SECTION_HAS_SAVE=0
SECTION_HAS_WORKER_UPDATE=0

---- ERRORS ----
department render: TypeError: Cannot set properties of undefined (setting 'screen')
    at file:///data/data/com.termux/files/home/03.civilization-development/03.business-os/AICompanyManager/900.meta/department_section_edit_form_worker_route_20260430_200430/200_runtime_vm_harness.mjs:159:24
    at ModuleJob.run (node:internal/modules/esm/module_job:430:25)
    at async onImport.tracePromise.__proto__ (node:internal/modules/esm/loader:661:26)
    at async asyncRunEntryPointWithESMLoader (node:internal/modules/run_main:101:5)
section render: TypeError: Cannot set properties of undefined (setting 'screen')
    at file:///data/data/com.termux/files/home/03.civilization-development/03.business-os/AICompanyManager/900.meta/department_section_edit_form_worker_route_20260430_200430/200_runtime_vm_harness.mjs:168:24
    at ModuleJob.run (node:internal/modules/esm/module_job:430:25)
    at async onImport.tracePromise.__proto__ (node:internal/modules/esm/loader:661:26)
    at async asyncRunEntryPointWithESMLoader (node:internal/modules/run_main:101:5)

---- DEPARTMENT HEAD ----


---- SECTION HEAD ----

