Pager usage is off.
Null display is "(null)".
Output format is aligned.
Target width is 240.
       task_domain_code       |    before_status     | package_code | task_domain_name | task_domain_name_ja | cx_topic_code | status_code 
------------------------------+----------------------+--------------+------------------+---------------------+---------------+-------------
 combat_lore_reference        | MISSING_BEFORE_APPLY | (null)       | (null)           | (null)              | (null)        | (null)
 creative_planning            | MISSING_BEFORE_APPLY | (null)       | (null)           | (null)              | (null)        | (null)
 customer_communication       | MISSING_BEFORE_APPLY | (null)       | (null)           | (null)              | (null)        | (null)
 cx_reference_authoring       | MISSING_BEFORE_APPLY | (null)       | (null)           | (null)              | (null)        | (null)
 data_formatting              | MISSING_BEFORE_APPLY | (null)       | (null)           | (null)              | (null)        | (null)
 db_analysis                  | MISSING_BEFORE_APPLY | (null)       | (null)           | (null)              | (null)        | (null)
 defense_planning_non_harmful | MISSING_BEFORE_APPLY | (null)       | (null)           | (null)              | (null)        | (null)
 document_writing             | MISSING_BEFORE_APPLY | (null)       | (null)           | (null)              | (null)        | (null)
 fictional_combat_design      | MISSING_BEFORE_APPLY | (null)       | (null)           | (null)              | (null)        | (null)
 game_tactical_balance        | MISSING_BEFORE_APPLY | (null)       | (null)           | (null)              | (null)        | (null)
 historical_reference         | MISSING_BEFORE_APPLY | (null)       | (null)           | (null)              | (null)        | (null)
 operations_execution         | MISSING_BEFORE_APPLY | (null)       | (null)           | (null)              | (null)        | (null)
 programming                  | MISSING_BEFORE_APPLY | (null)       | (null)           | (null)              | (null)        | (null)
 research                     | MISSING_BEFORE_APPLY | (null)       | (null)           | (null)              | (null)        | (null)
 review_audit                 | MISSING_BEFORE_APPLY | (null)       | (null)           | (null)              | (null)        | (null)
 security_crisis_response     | MISSING_BEFORE_APPLY | (null)       | (null)           | (null)              | (null)        | (null)
 threat_modeling_safe         | MISSING_BEFORE_APPLY | (null)       | (null)           | (null)              | (null)        | (null)
 ui_ux                        | MISSING_BEFORE_APPLY | (null)       | (null)           | (null)              | (null)        | (null)
(18 rows)

 existing_target_count_before 
------------------------------
                            0
(1 row)

      package_code       | row_count 
-------------------------+-----------
 BUSINESS_SUPPORT_WLM_V0 |         7
(1 row)

