Pager usage is off.
Null display is "(null)".
Output format is aligned.
Target width is 240.
       task_domain_code       |          expected_cx_topic_code           |     category_code      |            task_domain_id            |      package_code       |          task_domain_name          |   task_domain_name_ja   |               cx_topic_code               | sort_order | status_code 
------------------------------+-------------------------------------------+------------------------+--------------------------------------+-------------------------+------------------------------------+-------------------------+-------------------------------------------+------------+-------------
 combat_lore_reference        | task_profile_combat_lore_reference        | military_security_safe | e4fbe43d-95fc-4db6-bd8e-de50b6c604f6 | BUSINESS_SUPPORT_WLM_V0 | Combat and Military Lore Reference | 戦闘/軍事ロア参照       | task_profile_combat_lore_reference        |       2060 | active
 defense_planning_non_harmful | task_profile_defense_planning_non_harmful | military_security_safe | 98808656-33e8-499e-851b-ddd177f995d8 | BUSINESS_SUPPORT_WLM_V0 | Non-harmful Defense Planning       | 防衛計画/非加害設計     | task_profile_defense_planning_non_harmful |       2040 | active
 fictional_combat_design      | task_profile_fictional_combat_design      | military_security_safe | 0acc3f83-cf24-4c68-92b8-aab03466aa06 | BUSINESS_SUPPORT_WLM_V0 | Fictional Combat Design            | フィクション戦闘設計    | task_profile_fictional_combat_design      |       2020 | active
 game_tactical_balance        | task_profile_game_tactical_balance        | military_security_safe | d24552f4-f50e-4074-bbaa-b36de536fa70 | BUSINESS_SUPPORT_WLM_V0 | Game Tactical Balance              | ゲーム戦術/バランス     | task_profile_game_tactical_balance        |       2030 | active
 security_crisis_response     | task_profile_security_crisis_response     | military_security_safe | 6fe1fa2a-7836-41fb-a7b1-98857f93cd56 | BUSINESS_SUPPORT_WLM_V0 | Security and Crisis Response       | 警備/危機対応           | task_profile_security_crisis_response     |       2010 | active
 threat_modeling_safe         | task_profile_threat_modeling_safe         | military_security_safe | ad6e3da6-6fe7-4fd3-8fea-55170a06fbdf | BUSINESS_SUPPORT_WLM_V0 | Safe Threat Modeling               | 安全な脅威モデリング    | task_profile_threat_modeling_safe         |       2050 | active
 creative_planning            | task_profile_creative_planning            | standard_work          | 63931cf8-025a-4b3a-b391-b09b83244ea1 | BUSINESS_SUPPORT_WLM_V0 | Creative Planning                  | 企画/アイデア出し       | task_profile_creative_planning            |       1100 | active
 customer_communication       | task_profile_customer_communication       | standard_work          | 21bf19b7-86ba-43c6-b636-2133bcc01676 | BUSINESS_SUPPORT_WLM_V0 | Customer Communication             | 接客/コミュニケーション | task_profile_customer_communication       |       1090 | active
 cx_reference_authoring       | task_profile_cx_reference_authoring       | standard_work          | eee1d9b6-7ff4-4bb4-be2e-a508b2e34b41 | BUSINESS_SUPPORT_WLM_V0 | CX Reference Authoring             | CX参照データ作成        | task_profile_cx_reference_authoring       |       1120 | active
 data_formatting              | task_profile_data_formatting              | standard_work          | cd82f654-cbcc-4aef-92de-4f365084217a | BUSINESS_SUPPORT_WLM_V0 | Data Formatting                    | データ整形              | task_profile_data_formatting              |       1070 | active
 db_analysis                  | task_profile_db_analysis                  | standard_work          | 39b31905-bb16-413b-80df-81a2c0487d7a | BUSINESS_SUPPORT_WLM_V0 | DB Analysis                        | DB調査                  | task_profile_db_analysis                  |       1020 | active
 document_writing             | task_profile_document_writing             | standard_work          | 5d57aec7-de90-4e3d-9902-ceac6cc9cdd0 | BUSINESS_SUPPORT_WLM_V0 | Document Writing                   | 文書作成                | task_profile_document_writing             |       1030 | active
 historical_reference         | task_profile_historical_reference         | standard_work          | cae65f20-9427-4a57-beb1-4717bc8e957a | BUSINESS_SUPPORT_WLM_V0 | Historical Reference               | 歴史資料作成            | task_profile_historical_reference         |       1050 | active
 operations_execution         | task_profile_operations_execution         | standard_work          | 61da12c9-b056-4acf-841c-748db08ea41c | BUSINESS_SUPPORT_WLM_V0 | Operations Execution               | 運用作業                | task_profile_operations_execution         |       1110 | active
 programming                  | task_profile_programming                  | standard_work          | 3a051cab-14dc-4e3f-931b-642442daf621 | BUSINESS_SUPPORT_WLM_V0 | Programming                        | プログラム作成          | task_profile_programming                  |       1010 | active
 research                     | task_profile_research                     | standard_work          | ed7e31ee-1b6a-475a-984d-59d482f3709a | BUSINESS_SUPPORT_WLM_V0 | Research                           | 調査                    | task_profile_research                     |       1040 | active
 review_audit                 | task_profile_review_audit                 | standard_work          | 54bd0259-668b-427c-ad58-988805fd7d0a | BUSINESS_SUPPORT_WLM_V0 | Review and Audit                   | レビュー/監査           | task_profile_review_audit                 |       1080 | active
 ui_ux                        | task_profile_ui_ux                        | standard_work          | 6dd40ff7-94df-4c92-9c56-b044bfce2a1d | BUSINESS_SUPPORT_WLM_V0 | UI/UX                              | UI/UX作成               | task_profile_ui_ux                        |       1060 | active
(18 rows)

                                                                       verify_bool_json                                                                        
---------------------------------------------------------------------------------------------------------------------------------------------------------------
 {"missing_count": 0, "all_18_present": true, "inactive_count": 0, "all_status_active": true, "all_cx_topic_code_match": true, "mismatched_cx_topic_count": 0}
(1 row)

