Pager usage is off.
============================================================
Apply AICM user-company v2 add-only DDL
============================================================
DDL file:
/data/data/com.termux/files/home/01.civilization-system/07.applications/03.business-app/AICompanyManager/90.meta/110_PROPOSED_AICM_USER_COMPANY_V2_ADD_ONLY_DDL.sql
BEGIN
psql:/data/data/com.termux/files/home/01.civilization-system/07.applications/03.business-app/AICompanyManager/90.meta/110_PROPOSED_AICM_USER_COMPANY_V2_ADD_ONLY_DDL.sql:18: NOTICE:  extension "pgcrypto" already exists, skipping
CREATE EXTENSION
CREATE TABLE
CREATE INDEX
CREATE INDEX
CREATE INDEX
COMMENT
CREATE TABLE
CREATE INDEX
CREATE INDEX
CREATE INDEX
COMMENT
CREATE TABLE
CREATE INDEX
CREATE INDEX
CREATE INDEX
CREATE INDEX
COMMENT
CREATE TABLE
CREATE INDEX
CREATE INDEX
CREATE INDEX
CREATE INDEX
CREATE INDEX
CREATE INDEX
COMMENT
CREATE TABLE
CREATE INDEX
CREATE INDEX
CREATE INDEX
COMMENT
CREATE VIEW
CREATE VIEW
COMMIT
AICM_USER_COMPANY_V2_DDL_APPLY_DONE
