Pager usage is off.
============================================================
Verify AICM user-company v2 objects after apply
============================================================
BEGIN
------------------------------------------------------------
1. relation existence
------------------------------------------------------------
                        relname                         |                        regclass                        | status 
--------------------------------------------------------+--------------------------------------------------------+--------
 business.aicm_user_company                             | business.aicm_user_company                             | exists
 business.aicm_user_company_department                  | business.aicm_user_company_department                  | exists
 business.aicm_user_company_section                     | business.aicm_user_company_section                     | exists
 business.aicm_user_company_worker_placement            | business.aicm_user_company_worker_placement            | exists
 business.aicm_user_company_worker_placement_event      | business.aicm_user_company_worker_placement_event      | exists
 business.vw_aicm_user_company_tree                     | business.vw_aicm_user_company_tree                     | exists
 business.vw_aicm_user_company_worker_placement_display | business.vw_aicm_user_company_worker_placement_display | exists
(7 rows)

------------------------------------------------------------
2. row counts
------------------------------------------------------------
                      relname                      | rows 
---------------------------------------------------+------
 business.aicm_user_company                        |    0
 business.aicm_user_company_department             |    0
 business.aicm_user_company_section                |    0
 business.aicm_user_company_worker_placement       |    0
 business.aicm_user_company_worker_placement_event |    0
(5 rows)

------------------------------------------------------------
3. key columns
------------------------------------------------------------
                table_name                | ordinal_position |                 column_name                 |        data_type         | is_nullable 
------------------------------------------+------------------+---------------------------------------------+--------------------------+-------------
 aicm_user_company                        |                1 | aicm_user_company_id                        | uuid                     | NO
 aicm_user_company                        |                2 | owner_civilization_id                       | uuid                     | NO
 aicm_user_company                        |                3 | company_name                                | text                     | NO
 aicm_user_company                        |                4 | business_domain                             | text                     | NO
 aicm_user_company                        |                5 | company_status                              | text                     | NO
 aicm_user_company                        |                6 | company_common_rules_text                   | text                     | NO
 aicm_user_company                        |                7 | president_policy_instruction_text           | text                     | NO
 aicm_user_company                        |                8 | selected_flag                               | boolean                  | NO
 aicm_user_company                        |                9 | display_order                               | integer                  | NO
 aicm_user_company                        |               10 | metadata_jsonb                              | jsonb                    | NO
 aicm_user_company                        |               11 | created_at                                  | timestamp with time zone | NO
 aicm_user_company                        |               12 | updated_at                                  | timestamp with time zone | NO
 aicm_user_company_department             |                1 | aicm_user_company_department_id             | uuid                     | NO
 aicm_user_company_department             |                2 | owner_civilization_id                       | uuid                     | NO
 aicm_user_company_department             |                3 | aicm_user_company_id                        | uuid                     | NO
 aicm_user_company_department             |                4 | department_name                             | text                     | NO
 aicm_user_company_department             |                5 | purpose                                     | text                     | NO
 aicm_user_company_department             |                6 | department_status                           | text                     | NO
 aicm_user_company_department             |                7 | display_order                               | integer                  | NO
 aicm_user_company_department             |                8 | manager_robot_pool_id                       | uuid                     | YES
 aicm_user_company_department             |                9 | manager_aiworker_model_code                 | text                     | NO
 aicm_user_company_department             |               10 | manager_internal_nickname                   | text                     | NO
 aicm_user_company_department             |               11 | metadata_jsonb                              | jsonb                    | NO
 aicm_user_company_department             |               12 | created_at                                  | timestamp with time zone | NO
 aicm_user_company_department             |               13 | updated_at                                  | timestamp with time zone | NO
 aicm_user_company_section                |                1 | aicm_user_company_section_id                | uuid                     | NO
 aicm_user_company_section                |                2 | owner_civilization_id                       | uuid                     | NO
 aicm_user_company_section                |                3 | aicm_user_company_id                        | uuid                     | NO
 aicm_user_company_section                |                4 | aicm_user_company_department_id             | uuid                     | NO
 aicm_user_company_section                |                5 | parent_section_id                           | uuid                     | YES
 aicm_user_company_section                |                6 | section_name                                | text                     | NO
 aicm_user_company_section                |                7 | purpose                                     | text                     | NO
 aicm_user_company_section                |                8 | section_status                              | text                     | NO
 aicm_user_company_section                |                9 | display_order                               | integer                  | NO
 aicm_user_company_section                |               10 | leader_robot_pool_id                        | uuid                     | YES
 aicm_user_company_section                |               11 | leader_aiworker_model_code                  | text                     | NO
 aicm_user_company_section                |               12 | leader_internal_nickname                    | text                     | NO
 aicm_user_company_section                |               13 | metadata_jsonb                              | jsonb                    | NO
 aicm_user_company_section                |               14 | created_at                                  | timestamp with time zone | NO
 aicm_user_company_section                |               15 | updated_at                                  | timestamp with time zone | NO
 aicm_user_company_worker_placement       |                1 | aicm_user_company_worker_placement_id       | uuid                     | NO
 aicm_user_company_worker_placement       |                2 | owner_civilization_id                       | uuid                     | NO
 aicm_user_company_worker_placement       |                3 | aicm_user_company_id                        | uuid                     | NO
 aicm_user_company_worker_placement       |                4 | aicm_user_company_department_id             | uuid                     | YES
 aicm_user_company_worker_placement       |                5 | aicm_user_company_section_id                | uuid                     | YES
 aicm_user_company_worker_placement       |                6 | target_level_code                           | text                     | NO
 aicm_user_company_worker_placement       |                7 | target_id                                   | uuid                     | YES
 aicm_user_company_worker_placement       |                8 | app_code                                    | text                     | NO
 aicm_user_company_worker_placement       |                9 | role_code                                   | text                     | NO
 aicm_user_company_worker_placement       |               10 | robot_pool_id                               | uuid                     | YES
 aicm_user_company_worker_placement       |               11 | aiworker_model_code                         | text                     | NO
 aicm_user_company_worker_placement       |               12 | internal_nickname                           | text                     | NO
 aicm_user_company_worker_placement       |               13 | placement_quantity                          | integer                  | NO
 aicm_user_company_worker_placement       |               14 | placement_mode_code                         | text                     | NO
 aicm_user_company_worker_placement       |               15 | status_code                                 | text                     | NO
 aicm_user_company_worker_placement       |               16 | metadata_jsonb                              | jsonb                    | NO
 aicm_user_company_worker_placement       |               17 | created_at                                  | timestamp with time zone | NO
 aicm_user_company_worker_placement       |               18 | updated_at                                  | timestamp with time zone | NO
 aicm_user_company_worker_placement_event |                1 | aicm_user_company_worker_placement_event_id | uuid                     | NO
 aicm_user_company_worker_placement_event |                2 | owner_civilization_id                       | uuid                     | NO
 aicm_user_company_worker_placement_event |                3 | aicm_user_company_id                        | uuid                     | NO
 aicm_user_company_worker_placement_event |                4 | aicm_user_company_worker_placement_id       | uuid                     | YES
 aicm_user_company_worker_placement_event |                5 | event_type_code                             | text                     | NO
 aicm_user_company_worker_placement_event |                6 | event_note                                  | text                     | NO
 aicm_user_company_worker_placement_event |                7 | before_jsonb                                | jsonb                    | NO
 aicm_user_company_worker_placement_event |                8 | after_jsonb                                 | jsonb                    | NO
 aicm_user_company_worker_placement_event |                9 | actor_type_code                             | text                     | NO
 aicm_user_company_worker_placement_event |               10 | actor_id                                    | text                     | NO
 aicm_user_company_worker_placement_event |               11 | created_at                                  | timestamp with time zone | NO
(69 rows)

------------------------------------------------------------
4. view smoke select
------------------------------------------------------------
 tree_rows 
-----------
         0
(1 row)

 placement_display_rows 
------------------------
                      0
(1 row)

ROLLBACK
