beforeRenderHelperCount=2
beforeRowsHelperCount=1
beforeOldMarkerCount=1
beforePendingMarkerCount=1
removeWindowLength=3277
removeWindowRenderCount=1
removeWindowRowsCount=0
removeWindowOldMarkerCount=1
removeWindowPendingMarkerCount=0
removeWindowHasPlaceholder=false
removeWindowHasReload=false
coreChanged=true
afterRenderHelperCount=1
afterRowsHelperCount=1
afterOldMarkerCount=0
afterPendingMarkerCount=1
reloadHelperCount=1
placeholderCount=1
legacyR10HelperCount=0
refreshActionCount=2
pendingFilterCount=2
handoffActionCount=5
tokenLeakCountCore=0
asyncAsyncCountCore=0
