CONTEXT_COMPANIES=5
WOLF_ID=8b9be487-7b74-4517-9b59-6c84a82ae6aa
CONTEXT_PMLW_MAJOR_ITEMS=125
CONTEXT_MANAGER_MAJOR_ITEMS=0
CONTEXT_MAJOR_ITEMS=0
CONTEXT_ALL_MAJOR_ROWS=125
CONTEXT_WOLF_MAJOR_ROWS=125
CONTEXT_FIRST_WOLF_ROW={"note":"最優先","due_date":"2026-05-03","created_at":"2026-05-01T21:40:13.380608+00:00","updated_at":"2026-05-01T21:40:13.380608+00:00","company_name":"ウルフ","handoff_link":"","policy_title":null,"section_name":null,"display_order":100,"priority_code":"urgent","metadata_jsonb":{},"department_name":null,"major_item_name":"AI企業業務開始導線整理","source_route_code":"csv_import","policy_status_code":null,"handoff_status_code":"draft","manager_robot_label":"","aicm_user_company_id":"8b9be487-7b74-4517-9b59-6c84a82ae6aa","reference_files_text":"","applicable_rules_text":"","assigned_leader_label":"","owner_civilization_id":"00000000-0000-4000-8000-000000000001","major_item_description":"会社ダッシュボードからAI企業業務開始へ進む導線を整理する","aicm_president_policy_id":null,"decomposition_status_code":"not_started","supplemental_materials_text":"","aicm_user_company_section_id":null,"aicm_manager_major_work_item_id":"72546344-1c6f-4dba-a635-e4a7dbafc1a7","aicm_user_company_department_id":null}
ROWS_HELPER_TYPE=undefined
RENDER_HELPER_TYPE=undefined
PLACEHOLDER_TYPE=undefined
STATE_SELECTED_COMPANY_ID=
STATE_CONTEXT_PMLW_MAJOR_ITEMS=-1
ROWS_RESULT=0
ROWS_FIRST=null
DISPLAY_SCOPE=
RENDER_HTML_LENGTH=0
RENDER_HAS_EMPTY=false
RENDER_HAS_PENDING_COUNT=false
RENDER_HAS_HANDOFF=false
RENDER_HTML_HEAD=
