VM_ERROR_COUNT=1
COMPANY_EDIT_HAS_FORM=0
COMPANY_EDIT_NEEDS_SELECTION=1
DEPARTMENT_HAS_NAME_INPUT=0
DEPARTMENT_HAS_SAVE=0
SECTION_HAS_NAME_INPUT=1
SECTION_HAS_SAVE=1
SECTION_HAS_WORKER_UPDATE=1
WORKER_ROUTE_HTML_LENGTH=0

---- ERRORS ----
worker route click: ReferenceError: target is not defined
    at handleRootClick (/data/data/com.termux/files/home/03.civilization-development/03.business-os/AICompanyManager/assets/js/aicm-production-core.js:2872:32)
    at click (file:///data/data/com.termux/files/home/03.civilization-development/03.business-os/AICompanyManager/900.meta/edit_screen_fallback_click_verify_20260430_201157/200_runtime_vm_click_harness.mjs:166:11)
    at file:///data/data/com.termux/files/home/03.civilization-development/03.business-os/AICompanyManager/900.meta/edit_screen_fallback_click_verify_20260430_201157/200_runtime_vm_click_harness.mjs:195:27

---- COMPANY EDIT HEAD ----
<div class="aicm-core" data-core-mark="AICM_PRODUCTION_CORE_ANE_ANH_V1">  <header class="aicm-core-header">    <h1>AI企業運営アプリ</h1>  </header>  <nav class="aicm-core-tabs" aria-label="AICompanyManager navigation">    <button type="button" data-core-action="go" data-screen="dashboard">AI企業ダッシュボード</button>    <button type="button" data-core-action="go" data-screen="task-ledger">部門別タスク台帳</button>    <button type="button" data-core-action="go" data-screen="review-list">レビュー・承認待ち一覧</button>  </nav><div class="aicm-core-message">読込中...</div>  <main class="aicm-core-main"><section class="aicm-core-card

---- DEPARTMENT HEAD ----
<div class="aicm-core" data-core-mark="AICM_PRODUCTION_CORE_ANE_ANH_V1">  <header class="aicm-core-header">    <h1>AI企業運営アプリ</h1>  </header>  <nav class="aicm-core-tabs" aria-label="AICompanyManager navigation">    <button type="button" data-core-action="go" data-screen="dashboard">AI企業ダッシュボード</button>    <button type="button" data-core-action="go" data-screen="task-ledger">部門別タスク台帳</button>    <button type="button" data-core-action="go" data-screen="review-list">レビュー・承認待ち一覧</button>  </nav><div class="aicm-core-message">読込中...</div>  <main class="aicm-core-main"><section class="aicm-core-card

---- SECTION HEAD ----
<div class="aicm-core" data-core-mark="AICM_PRODUCTION_CORE_ANE_ANH_V1">  <header class="aicm-core-header">    <h1>AI企業運営アプリ</h1>  </header>  <nav class="aicm-core-tabs" aria-label="AICompanyManager navigation">    <button type="button" data-core-action="go" data-screen="dashboard">AI企業ダッシュボード</button>    <button type="button" data-core-action="go" data-screen="task-ledger">部門別タスク台帳</button>    <button type="button" data-core-action="go" data-screen="review-list">レビュー・承認待ち一覧</button>  </nav>  <main class="aicm-core-main"><section class="aicm-core-card">  <p class="aicm-eyebrow">課変更</p>  <h2>課情
