Pager usage is off.
                object_name                 | exists_flag 
--------------------------------------------+-------------
 business.aicm_human_review_item            | t
 business.vw_aicm_human_review_wait_display | t
(2 rows)

       table_name       | column_count 
------------------------+--------------
 aicm_human_review_item |           31
(1 row)

                 indexname                  
--------------------------------------------
 aicm_human_review_item_pkey
 idx_aicm_human_review_department_section
 idx_aicm_human_review_owner_company_status
 idx_aicm_human_review_related_work_unit
(4 rows)

 review_wait_count 
-------------------
                 0
(1 row)

