Pager usage is off.
Null display is "(null)".
Output format is aligned.
Target width is 260.
      diagnose_started_at      
-------------------------------
 2026-05-14 20:24:51.017608+00
(1 row)

 table_schema |          table_name          
--------------+------------------------------
 aiworker     | business_support_task_domain
(1 row)

 table_schema |               table_name                | ordinal_position |        column_name        |        data_type         |  udt_name   | is_nullable |      column_default      
--------------+-----------------------------------------+------------------+---------------------------+--------------------------+-------------+-------------+--------------------------
 aiworker     | business_support_role_domain_capability |                1 | capability_id             | uuid                     | uuid        | NO          | (null)
 aiworker     | business_support_role_domain_capability |                2 | package_code              | text                     | text        | NO          | (null)
 aiworker     | business_support_role_domain_capability |                3 | role_layer_code           | text                     | text        | NO          | (null)
 aiworker     | business_support_role_domain_capability |                4 | task_domain_code          | text                     | text        | NO          | (null)
 aiworker     | business_support_role_domain_capability |                5 | capability_level_code     | text                     | text        | NO          | (null)
 aiworker     | business_support_role_domain_capability |                6 | allow_flag                | boolean                  | bool        | NO          | true
 aiworker     | business_support_role_domain_capability |                7 | note                      | text                     | text        | YES         | (null)
 aiworker     | business_support_role_domain_capability |                8 | created_at                | timestamp with time zone | timestamptz | NO          | now()
 aiworker     | business_support_role_domain_capability |                9 | updated_at                | timestamp with time zone | timestamptz | NO          | now()
 aiworker     | business_support_task_domain            |                1 | task_domain_id            | uuid                     | uuid        | NO          | (null)
 aiworker     | business_support_task_domain            |                2 | package_code              | text                     | text        | NO          | (null)
 aiworker     | business_support_task_domain            |                3 | task_domain_code          | text                     | text        | NO          | (null)
 aiworker     | business_support_task_domain            |                4 | task_domain_name          | text                     | text        | NO          | (null)
 aiworker     | business_support_task_domain            |                5 | task_domain_name_ja       | text                     | text        | NO          | (null)
 aiworker     | business_support_task_domain            |                6 | cx_topic_code             | text                     | text        | NO          | (null)
 aiworker     | business_support_task_domain            |                7 | sort_order                | integer                  | int4        | NO          | 0
 aiworker     | business_support_task_domain            |                8 | status_code               | text                     | text        | NO          | 'active'::text
 aiworker     | business_support_task_domain            |                9 | created_at                | timestamp with time zone | timestamptz | NO          | now()
 aiworker     | business_support_task_domain            |               10 | updated_at                | timestamp with time zone | timestamptz | NO          | now()
 aiworker     | robot_brain_model_domain_policy         |                1 | model_code                | text                     | text        | NO          | (null)
 aiworker     | robot_brain_model_domain_policy         |                2 | brain_domain_code         | text                     | text        | NO          | (null)
 aiworker     | robot_brain_model_domain_policy         |                3 | policy_code               | text                     | text        | NO          | (null)
 aiworker     | robot_brain_model_domain_policy         |                4 | allowed_use_purpose_codes | ARRAY                    | _text       | NO          | ARRAY['reference'::text]
 aiworker     | robot_brain_model_domain_policy         |                5 | safety_note_ja            | text                     | text        | NO          | ''::text
 aiworker     | robot_brain_model_domain_policy         |                6 | active_flag               | boolean                  | bool        | NO          | true
 aiworker     | robot_brain_model_domain_policy         |                7 | created_at                | timestamp with time zone | timestamptz | NO          | now()
 aiworker     | robot_brain_model_domain_policy         |                8 | updated_at                | timestamp with time zone | timestamptz | NO          | now()
 aiworker     | robot_brain_role_policy                 |                1 | role_code                 | text                     | text        | NO          | (null)
 aiworker     | robot_brain_role_policy                 |                2 | brain_domain_code         | text                     | text        | NO          | (null)
 aiworker     | robot_brain_role_policy                 |                3 | policy_code               | text                     | text        | NO          | (null)
 aiworker     | robot_brain_role_policy                 |                4 | allowed_use_purpose_codes | ARRAY                    | _text       | NO          | ARRAY['reference'::text]
 aiworker     | robot_brain_role_policy                 |                5 | safety_note_ja            | text                     | text        | NO          | ''::text
 aiworker     | robot_brain_role_policy                 |                6 | active_flag               | boolean                  | bool        | NO          | true
 aiworker     | robot_brain_role_policy                 |                7 | created_at                | timestamp with time zone | timestamptz | NO          | now()
 aiworker     | robot_brain_role_policy                 |                8 | updated_at                | timestamp with time zone | timestamptz | NO          | now()
(35 rows)

 schema_name |               table_name                |                         constraint_name                         | constraint_type |                                          constraint_def                                           
-------------+-----------------------------------------+-----------------------------------------------------------------+-----------------+---------------------------------------------------------------------------------------------------
 aiworker    | business_support_role_domain_capability | business_support_role_domain_capability_package_code_fkey       | f               | FOREIGN KEY (package_code) REFERENCES aiworker.business_support_control_package(package_code)
 aiworker    | business_support_role_domain_capability | business_support_role_domain_capability_pkey                    | p               | PRIMARY KEY (capability_id)
 aiworker    | business_support_role_domain_capability | business_support_role_domain__package_code_role_layer_code__key | u               | UNIQUE (package_code, role_layer_code, task_domain_code)
 aiworker    | business_support_task_domain            | business_support_task_domain_package_code_fkey                  | f               | FOREIGN KEY (package_code) REFERENCES aiworker.business_support_control_package(package_code)
 aiworker    | business_support_task_domain            | business_support_task_domain_pkey                               | p               | PRIMARY KEY (task_domain_id)
 aiworker    | business_support_task_domain            | business_support_task_domain_package_code_task_domain_code_key  | u               | UNIQUE (package_code, task_domain_code)
 aiworker    | robot_brain_model_domain_policy         | robot_brain_model_domain_policy_policy_code_check               | c               | CHECK ((policy_code = ANY (ARRAY['allow'::text, 'deny'::text, 'conditional'::text])))
 aiworker    | robot_brain_model_domain_policy         | robot_brain_model_domain_policy_brain_domain_code_fkey          | f               | FOREIGN KEY (brain_domain_code) REFERENCES cx22073jw.brain_data_domain_catalog(brain_domain_code)
 aiworker    | robot_brain_model_domain_policy         | robot_brain_model_domain_policy_pkey                            | p               | PRIMARY KEY (model_code, brain_domain_code)
 aiworker    | robot_brain_role_policy                 | robot_brain_role_policy_policy_code_check                       | c               | CHECK ((policy_code = ANY (ARRAY['allow'::text, 'deny'::text, 'conditional'::text])))
 aiworker    | robot_brain_role_policy                 | robot_brain_role_policy_brain_domain_code_fkey                  | f               | FOREIGN KEY (brain_domain_code) REFERENCES cx22073jw.brain_data_domain_catalog(brain_domain_code)
 aiworker    | robot_brain_role_policy                 | robot_brain_role_policy_pkey                                    | p               | PRIMARY KEY (role_code, brain_domain_code)
(12 rows)

