VM_ERROR_COUNT=0
VM_LOG_COUNT=9
ROOT_HTML_LENGTH=1653
ROOT_HAS_COMPANY_OVERVIEW=1
ROOT_HAS_COMPANY_EDIT=0
ROOT_CLICK_LISTENER_COUNT=1
ROOT_CHANGE_LISTENER_COUNT=2

---- ERRORS ----

---- LOGS HEAD ----
element.addEventListener aicm-root change
element.addEventListener aicm-root click
element.addEventListener aicm-root change
element.addEventListener aicm-root submit
innerHTML aicm-root <div class="aicm-core" data-core-mark="AICM_PRODUCTION_CORE_ANE_ANH_V1"> <header class="aicm-core-header"> <h1>AI企業運営アプリ</h1> </header> <nav class="aicm-core-tabs" aria-label
innerHTML aicm-root <div class="aicm-core" data-core-mark="AICM_PRODUCTION_CORE_ANE_ANH_V1"> <header class="aicm-core-header"> <h1>AI企業運営アプリ</h1> </header> <nav class="aicm-core-tabs" aria-label
fetch /api/aicm/v2/context?owner_civilization_id=00000000-0000-4000-8000-000000000001 GET
vm.runInContext ok
DOMContentLoaded ok

---- ROOT HEAD ----
<div class="aicm-core" data-core-mark="AICM_PRODUCTION_CORE_ANE_ANH_V1">  <header class="aicm-core-header">    <h1>AI企業運営アプリ</h1>  </header>  <nav class="aicm-core-tabs" aria-label="AICompanyManager navigation">    <button type="button" data-core-action="go" data-screen="dashboard">AI企業ダッシュボード</button>    <button type="button" data-core-action="go" data-screen="task-ledger">部門別タスク台帳</button>    <button type="button" data-core-action="go" data-screen="review-list">レビュー・承認待ち一覧</button>  </nav><div class="aicm-core-message">読込中...</div>  <main class="aicm-core-main"><section class="aicm-dashboard-grid aicm-dashboard-main-grid">  <div class="aicm-core-card aicm-card-primary">    <div class="aicm-card-title-row">      <div>        <p class="aicm-eyebrow">AI企業</p>        <h2>AI企業選択</h2>      </div>      <button type="button" data-core-action="reload">AI企業を表示</button>    </div><p class="aicm-core-empty">v2会社はまだありません。AI企業新規追加から作成してください。</p><p class="aicm-core-empty">AI企業を選択してください。</p>  </div>  <div class="aicm-core-card">    <p class="aicm-eyebrow">会社概要</p>    <h2>会社概要</h2><div class="aicm-empty-state">  <strong>AI企業が未選択です</strong>  <p>まずAI企業を作成すると、部門・課・Worker配置を登録できます。</p>  <button type="
