Pager usage is off.
Null display is "(null)".
Output format is aligned.
Target width is 260.
      precheck_started_at      
-------------------------------
 2026-05-14 14:09:55.305605+00
(1 row)

         domain_code          | task_domain_exists 
------------------------------+--------------------
 combat_lore_reference        | t
 defense_planning_non_harmful | t
 fictional_combat_design      | t
 game_tactical_balance        | t
 security_crisis_response     | t
 threat_modeling_safe         | t
(6 rows)

          source_table           | target_like_rows_before 
---------------------------------+-------------------------
 robot_brain_model_domain_policy |                       0
(1 row)

      source_table       | target_like_rows_before 
-------------------------+-------------------------
 robot_brain_role_policy |                       0
(1 row)

              source_table               | target_like_rows_before 
-----------------------------------------+-------------------------
 business_support_role_domain_capability |                       0
(1 row)

