VM_ERROR_COUNT=1
VM_LOG_COUNT=7
ROOT_HTML_LENGTH=1653
ROOT_CLICK_LISTENER_COUNT=1
ROOT_CHANGE_LISTENER_COUNT=2

---- ERRORS ----
vm.runInContext: /data/data/com.termux/files/home/03.civilization-development/03.business-os/AICompanyManager/assets/js/aicm-production-core.js:124
    return window.fetch(url, options)
                  ^

TypeError: window.fetch is not a function
    at requestJson (/data/data/com.termux/files/home/03.civilization-development/03.business-os/AICompanyManager/assets/js/aicm-production-core.js:124:19)
    at loadContext (/data/data/com.termux/files/home/03.civilization-development/03.business-os/AICompanyManager/assets/js/aicm-production-core.js:261:12)
    at boot (/data/data/com.termux/files/home/03.civilization-development/03.business-os/AICompanyManager/assets/js/aicm-production-core.js:2699:5)
    at /data/data/com.termux/files/home/03.civilization-development/03.business-os/AICompanyManager/assets/js/aicm-production-core.js:2705:5
    at /data/data/com.termux/files/home/03.civilization-development/03.business-os/AICompanyManager/assets/js/aicm-production-core.js:2707:3
    at Script.runInContext (node:vm:149:12)
    at Object.runInContext (node:vm:301:6)
    at file:///data/data/com.termux/files/home/03.civilization-development/03.business-os/AICompanyManager/900.meta/fix_isolated_async_after_confirmation_20260430_194730/200_runtime_vm_harness.mjs:162:6
    at ModuleJob.run (node:internal/modules/esm/module_job:430:25)
    at async onImport.tracePromise.__proto__ (node:internal/modules/esm/loader:661:26)

---- LOGS HEAD ----
element.addEventListener aicm-root change
element.addEventListener aicm-root click
element.addEventListener aicm-root change
element.addEventListener aicm-root submit
innerHTML aicm-root <div class="aicm-core" data-core-mark="AICM_PRODUCTION_CORE_ANE_ANH_V1"> <header class="aicm-core-header"> <h1>AI企業運営アプリ</h1> </header> <nav class="aicm-core-tabs" aria-label
innerHTML aicm-root <div class="aicm-core" data-core-mark="AICM_PRODUCTION_CORE_ANE_ANH_V1"> <header class="aicm-core-header"> <h1>AI企業運営アプリ</h1> </header> <nav class="aicm-core-tabs" aria-label
DOMContentLoaded ok

---- ROOT HEAD ----
<div class="aicm-core" data-core-mark="AICM_PRODUCTION_CORE_ANE_ANH_V1">  <header class="aicm-core-header">    <h1>AI企業運営アプリ</h1>  </header>  <nav class="aicm-core-tabs" aria-label="AICompanyManager navigation">    <button type="button" data-core-action="go" data-screen="dashboard">AI企業ダッシュボード</button>    <button type="button" data-core-action="go" data-screen="task-ledger">部門別タスク台帳</button>    <button type="button" data-core-action="go" data-screen="review-list">レビュー・承認待ち一覧</button>  </nav><div class="aicm-core-message">読込中...</div>  <main class="aicm-core-main"><section class="aicm-dashboard-grid aicm-dashboard-main-grid">  <div class="aicm-core-card aicm-card-primary">    <div class="aicm-card-title-row">      <div>        <p class="aicm-eyebrow">AI企業</p>        <h2>AI企業選択</h2>      </div>      <button type="button" data-core-action="reload">AI企業を表示</button>    </div><p class="aicm-core-empty">v2会社はまだありません。AI企業新規追加から作成してください。</p><p class="aicm-core-empty">AI企業を選択してください。</p>  </div>  <div class="aicm-core-card">    <p class="aicm-eyebrow">会社概要</p>    <h2>会社概要</h2><div class="aicm-empty-state">  <strong>AI企業が未選択です</strong>  <p>まずAI企業を作成すると、部門・課・Worker配置を登録できます。</p>  <button type="
