[main aa7ba42] AICompanyManager: V10GC4E review empty state screen control
 75 files changed, 162511 insertions(+), 8 deletions(-)
 create mode 100644 03.business-os/AICompanyManager/900.meta/git_checkpoint_after_v10gc3j_return_success_20260504_070034/050_git_commit.out
 create mode 100644 03.business-os/AICompanyManager/900.meta/git_checkpoint_after_v10gc3j_return_success_20260504_070034/060_git_push.out
 create mode 100644 03.business-os/AICompanyManager/900.meta/git_checkpoint_after_v10gc3j_return_success_20260504_070034/070_git_status_after.txt
 create mode 100644 03.business-os/AICompanyManager/900.meta/git_checkpoint_after_v10gc4e_review_empty_card_ok_20260504_074021/000_GIT_CHECKPOINT_AFTER_V10GC4E_REVIEW_EMPTY_CARD_OK_REPORT.md
 create mode 100644 03.business-os/AICompanyManager/900.meta/git_checkpoint_after_v10gc4e_review_empty_card_ok_20260504_074021/010_db_readonly_review_status.tsv
 create mode 100644 03.business-os/AICompanyManager/900.meta/git_checkpoint_after_v10gc4e_review_empty_card_ok_20260504_074021/020_git_status_before.txt
 create mode 100644 03.business-os/AICompanyManager/900.meta/git_checkpoint_after_v10gc4e_review_empty_card_ok_20260504_074021/030_git_diff_stat.txt
 create mode 100644 03.business-os/AICompanyManager/900.meta/git_checkpoint_after_v10gc4e_review_empty_card_ok_20260504_074021/040_git_add.out
 create mode 100644 03.business-os/AICompanyManager/900.meta/r8z_v10gc4a2_failed_audit_salvage_20260504_070900/000_R8Z_V10GC4A2_FAILED_AUDIT_SALVAGE_REPORT.md
 create mode 100644 03.business-os/AICompanyManager/900.meta/r8z_v10gc4a2_failed_audit_salvage_20260504_070900/010_core_syntax.out
 create mode 100644 03.business-os/AICompanyManager/900.meta/r8z_v10gc4a2_failed_audit_salvage_20260504_070900/011_server_syntax.out
 create mode 100644 03.business-os/AICompanyManager/900.meta/r8z_v10gc4a2_review_list_leader_send_audit_20260504_070733/000_R8Z_V10GC4A2_REVIEW_LIST_LEADER_SEND_AUDIT_REPORT.md
 create mode 100644 03.business-os/AICompanyManager/900.meta/r8z_v10gc4a2_review_list_leader_send_audit_20260504_070733/010_db_review_and_leader_send_readonly.tsv
 create mode 100644 03.business-os/AICompanyManager/900.meta/r8z_v10gc4a3_guarded_review_list_leader_send_audit_20260504_071035/000_R8Z_V10GC4A3_GUARDED_REVIEW_LIST_LEADER_SEND_AUDIT_REPORT.md
 create mode 100644 03.business-os/AICompanyManager/900.meta/r8z_v10gc4a3_guarded_review_list_leader_send_audit_20260504_071035/010_db_inventory.tsv
 create mode 100644 03.business-os/AICompanyManager/900.meta/r8z_v10gc4a3_guarded_review_list_leader_send_audit_20260504_071035/020_db_review_readonly.tsv
 create mode 100644 03.business-os/AICompanyManager/900.meta/r8z_v10gc4a3_guarded_review_list_leader_send_audit_20260504_071035/030_db_leader_send_readonly.tsv
 create mode 100644 03.business-os/AICompanyManager/900.meta/r8z_v10gc4a3_guarded_review_list_leader_send_audit_20260504_071035/040_server_context_review_leader_scan.txt
 create mode 100644 03.business-os/AICompanyManager/900.meta/r8z_v10gc4a3_guarded_review_list_leader_send_audit_20260504_071035/050_core_review_leader_screen_scan.txt
 create mode 100644 03.business-os/AICompanyManager/900.meta/r8z_v10gc4a3_guarded_review_list_leader_send_audit_20260504_071035/060_classification.txt
 create mode 100644 03.business-os/AICompanyManager/900.meta/r8z_v10gc4b_review_pending_only_screen_control_20260504_071848/000_R8Z_V10GC4B_REVIEW_PENDING_ONLY_SCREEN_CONTROL_REPORT.md
 create mode 100644 03.business-os/AICompanyManager/900.meta/r8z_v10gc4b_review_pending_only_screen_control_20260504_071848/020_patch_analysis.txt
 create mode 100644 03.business-os/AICompanyManager/900.meta/r8z_v10gc4b_review_pending_only_screen_control_20260504_071848/030_verify.txt
 create mode 100644 03.business-os/AICompanyManager/900.meta/r8z_v10gc4b_review_pending_only_screen_control_20260504_071848/050_context_after_patch.json
 create mode 100644 03.business-os/AICompanyManager/900.meta/r8z_v10gc4b_review_pending_only_screen_control_20260504_071848/060_context_status_scan.txt
 create mode 100644 03.business-os/AICompanyManager/900.meta/r8z_v10gc4b_review_pending_only_screen_control_20260504_071848/070_root.html
 create mode 100644 03.business-os/AICompanyManager/900.meta/r8z_v10gc4b_review_pending_only_screen_control_20260504_071848/080_served_core.js
 create mode 100644 03.business-os/AICompanyManager/900.meta/r8z_v10gc4b_review_pending_only_screen_control_20260504_071848/aicm-local-ui-api-server.before_v10gc4b.mjs
 create mode 100644 03.business-os/AICompanyManager/900.meta/r8z_v10gc4b_review_pending_only_screen_control_20260504_071848/aicm-production-core.before_v10gc4b.js
 create mode 100644 03.business-os/AICompanyManager/900.meta/r8z_v10gc4b_review_pending_only_screen_control_20260504_071848/patch_v10gc4b.cjs
 create mode 100644 03.business-os/AICompanyManager/900.meta/r8z_v10gc4b_review_pending_only_screen_control_20260504_071848/scan_context_status.cjs
 create mode 100644 03.business-os/AICompanyManager/900.meta/r8z_v10gc4b_review_pending_only_screen_control_20260504_071848/server.pid
 create mode 100644 03.business-os/AICompanyManager/900.meta/r8z_v10gc4c_review_empty_state_fix_20260504_072054/000_R8Z_V10GC4C_REVIEW_EMPTY_STATE_FIX_REPORT.md
 create mode 100644 03.business-os/AICompanyManager/900.meta/r8z_v10gc4c_review_empty_state_fix_20260504_072054/020_patch_analysis.txt
 create mode 100644 03.business-os/AICompanyManager/900.meta/r8z_v10gc4c_review_empty_state_fix_20260504_072054/030_verify.txt
 create mode 100644 03.business-os/AICompanyManager/900.meta/r8z_v10gc4c_review_empty_state_fix_20260504_072054/050_root.html
 create mode 100644 03.business-os/AICompanyManager/900.meta/r8z_v10gc4c_review_empty_state_fix_20260504_072054/060_served_core.js
 create mode 100644 03.business-os/AICompanyManager/900.meta/r8z_v10gc4c_review_empty_state_fix_20260504_072054/070_context.json
 create mode 100644 03.business-os/AICompanyManager/900.meta/r8z_v10gc4c_review_empty_state_fix_20260504_072054/aicm-production-core.before_v10gc4c.js
 create mode 100644 03.business-os/AICompanyManager/900.meta/r8z_v10gc4c_review_empty_state_fix_20260504_072054/patch_core_v10gc4c.cjs
 create mode 100644 03.business-os/AICompanyManager/900.meta/r8z_v10gc4c_review_empty_state_fix_20260504_072054/server.pid
 create mode 100644 03.business-os/AICompanyManager/900.meta/r8z_v10gc4d_remaining_review_empty_bad_text_cleanup_20260504_072213/000_R8Z_V10GC4D_REMAINING_REVIEW_EMPTY_BAD_TEXT_CLEANUP_REPORT.md
 create mode 100644 03.business-os/AICompanyManager/900.meta/r8z_v10gc4d_remaining_review_empty_bad_text_cleanup_20260504_072213/020_patch_analysis.txt
 create mode 100644 03.business-os/AICompanyManager/900.meta/r8z_v10gc4d_remaining_review_empty_bad_text_cleanup_20260504_072213/030_verify.txt
 create mode 100644 03.business-os/AICompanyManager/900.meta/r8z_v10gc4d_remaining_review_empty_bad_text_cleanup_20260504_072213/050_root.html
 create mode 100644 03.business-os/AICompanyManager/900.meta/r8z_v10gc4d_remaining_review_empty_bad_text_cleanup_20260504_072213/060_served_core.js
 create mode 100644 03.business-os/AICompanyManager/900.meta/r8z_v10gc4d_remaining_review_empty_bad_text_cleanup_20260504_072213/070_context.json
 create mode 100644 03.business-os/AICompanyManager/900.meta/r8z_v10gc4d_remaining_review_empty_bad_text_cleanup_20260504_072213/080_bad_text_extract_before.txt
 create mode 100644 03.business-os/AICompanyManager/900.meta/r8z_v10gc4d_remaining_review_empty_bad_text_cleanup_20260504_072213/090_bad_text_extract_after.txt
 create mode 100644 03.business-os/AICompanyManager/900.meta/r8z_v10gc4d_remaining_review_empty_bad_text_cleanup_20260504_072213/aicm-production-core.before_v10gc4d.js
 create mode 100644 03.business-os/AICompanyManager/900.meta/r8z_v10gc4d_remaining_review_empty_bad_text_cleanup_20260504_072213/patch_core_v10gc4d.cjs
 create mode 100644 03.business-os/AICompanyManager/900.meta/r8z_v10gc4d_remaining_review_empty_bad_text_cleanup_20260504_072213/server.pid
 create mode 100644 03.business-os/AICompanyManager/900.meta/r8z_v10gc4e_review_empty_red_border_cleanup_20260504_072525/000_R8Z_V10GC4E_REVIEW_EMPTY_RED_BORDER_CLEANUP_REPORT.md
 create mode 100644 03.business-os/AICompanyManager/900.meta/r8z_v10gc4e_review_empty_red_border_cleanup_20260504_072525/020_patch_analysis.txt
 create mode 100644 03.business-os/AICompanyManager/900.meta/r8z_v10gc4e_review_empty_red_border_cleanup_20260504_072525/030_verify.txt
 create mode 100644 03.business-os/AICompanyManager/900.meta/r8z_v10gc4e_review_empty_red_border_cleanup_20260504_072525/050_root.html
 create mode 100644 03.business-os/AICompanyManager/900.meta/r8z_v10gc4e_review_empty_red_border_cleanup_20260504_072525/060_served_core.js
 create mode 100644 03.business-os/AICompanyManager/900.meta/r8z_v10gc4e_review_empty_red_border_cleanup_20260504_072525/070_empty_state_extract_before.txt
 create mode 100644 03.business-os/AICompanyManager/900.meta/r8z_v10gc4e_review_empty_red_border_cleanup_20260504_072525/080_empty_state_extract_after.txt
 create mode 100644 03.business-os/AICompanyManager/900.meta/r8z_v10gc4e_review_empty_red_border_cleanup_20260504_072525/aicm-production-core.before_v10gc4e.js
 create mode 100644 03.business-os/AICompanyManager/900.meta/r8z_v10gc4e_review_empty_red_border_cleanup_20260504_072525/patch_core_v10gc4e.cjs
 create mode 100644 03.business-os/AICompanyManager/900.meta/r8z_v10gc4e_review_empty_red_border_cleanup_20260504_072525/server.pid
 create mode 100644 03.business-os/AICompanyManager/900.meta/r8z_v10gc4e_review_empty_red_border_cleanup_20260504_072617/000_R8Z_V10GC4E_REVIEW_EMPTY_RED_BORDER_CLEANUP_REPORT.md
 create mode 100644 03.business-os/AICompanyManager/900.meta/r8z_v10gc4e_review_empty_red_border_cleanup_20260504_072617/020_patch_analysis.txt
 create mode 100644 03.business-os/AICompanyManager/900.meta/r8z_v10gc4e_review_empty_red_border_cleanup_20260504_072617/030_verify.txt
 create mode 100644 03.business-os/AICompanyManager/900.meta/r8z_v10gc4e_review_empty_red_border_cleanup_20260504_072617/050_root.html
 create mode 100644 03.business-os/AICompanyManager/900.meta/r8z_v10gc4e_review_empty_red_border_cleanup_20260504_072617/060_served_core.js
 create mode 100644 03.business-os/AICompanyManager/900.meta/r8z_v10gc4e_review_empty_red_border_cleanup_20260504_072617/070_empty_state_extract_before.txt
 create mode 100644 03.business-os/AICompanyManager/900.meta/r8z_v10gc4e_review_empty_red_border_cleanup_20260504_072617/080_empty_state_extract_after.txt
 create mode 100644 03.business-os/AICompanyManager/900.meta/r8z_v10gc4e_review_empty_red_border_cleanup_20260504_072617/aicm-production-core.before_v10gc4e.js
 create mode 100644 03.business-os/AICompanyManager/900.meta/r8z_v10gc4e_review_empty_red_border_cleanup_20260504_072617/patch_core_v10gc4e.cjs
 create mode 100644 03.business-os/AICompanyManager/900.meta/r8z_v10gc4e_review_empty_red_border_cleanup_20260504_072617/server.pid
