Pager usage is off.
Null display is "(null)".
Output format is aligned.
Target width is 260.
       group_code       |       task_domain_code       |          expected_cx_topic_code           |            task_domain_id            |      package_code       |          task_domain_name          |   task_domain_name_ja   |               cx_topic_code               | sort_order | status_code 
------------------------+------------------------------+-------------------------------------------+--------------------------------------+-------------------------+------------------------------------+-------------------------+-------------------------------------------+------------+-------------
 military_security_safe | security_crisis_response     | task_profile_security_crisis_response     | 6fe1fa2a-7836-41fb-a7b1-98857f93cd56 | BUSINESS_SUPPORT_WLM_V0 | Security and Crisis Response       | 警備/危機対応           | task_profile_security_crisis_response     |       2010 | active
 military_security_safe | fictional_combat_design      | task_profile_fictional_combat_design      | 0acc3f83-cf24-4c68-92b8-aab03466aa06 | BUSINESS_SUPPORT_WLM_V0 | Fictional Combat Design            | フィクション戦闘設計    | task_profile_fictional_combat_design      |       2020 | active
 military_security_safe | game_tactical_balance        | task_profile_game_tactical_balance        | d24552f4-f50e-4074-bbaa-b36de536fa70 | BUSINESS_SUPPORT_WLM_V0 | Game Tactical Balance              | ゲーム戦術/バランス     | task_profile_game_tactical_balance        |       2030 | active
 military_security_safe | defense_planning_non_harmful | task_profile_defense_planning_non_harmful | 98808656-33e8-499e-851b-ddd177f995d8 | BUSINESS_SUPPORT_WLM_V0 | Non-harmful Defense Planning       | 防衛計画/非加害設計     | task_profile_defense_planning_non_harmful |       2040 | active
 military_security_safe | threat_modeling_safe         | task_profile_threat_modeling_safe         | ad6e3da6-6fe7-4fd3-8fea-55170a06fbdf | BUSINESS_SUPPORT_WLM_V0 | Safe Threat Modeling               | 安全な脅威モデリング    | task_profile_threat_modeling_safe         |       2050 | active
 military_security_safe | combat_lore_reference        | task_profile_combat_lore_reference        | e4fbe43d-95fc-4db6-bd8e-de50b6c604f6 | BUSINESS_SUPPORT_WLM_V0 | Combat and Military Lore Reference | 戦闘/軍事ロア参照       | task_profile_combat_lore_reference        |       2060 | active
 standard_work          | programming                  | task_profile_programming                  | 3a051cab-14dc-4e3f-931b-642442daf621 | BUSINESS_SUPPORT_WLM_V0 | Programming                        | プログラム作成          | task_profile_programming                  |       1010 | active
 standard_work          | db_analysis                  | task_profile_db_analysis                  | 39b31905-bb16-413b-80df-81a2c0487d7a | BUSINESS_SUPPORT_WLM_V0 | DB Analysis                        | DB調査                  | task_profile_db_analysis                  |       1020 | active
 standard_work          | document_writing             | task_profile_document_writing             | 5d57aec7-de90-4e3d-9902-ceac6cc9cdd0 | BUSINESS_SUPPORT_WLM_V0 | Document Writing                   | 文書作成                | task_profile_document_writing             |       1030 | active
 standard_work          | research                     | task_profile_research                     | ed7e31ee-1b6a-475a-984d-59d482f3709a | BUSINESS_SUPPORT_WLM_V0 | Research                           | 調査                    | task_profile_research                     |       1040 | active
 standard_work          | historical_reference         | task_profile_historical_reference         | cae65f20-9427-4a57-beb1-4717bc8e957a | BUSINESS_SUPPORT_WLM_V0 | Historical Reference               | 歴史資料作成            | task_profile_historical_reference         |       1050 | active
 standard_work          | ui_ux                        | task_profile_ui_ux                        | 6dd40ff7-94df-4c92-9c56-b044bfce2a1d | BUSINESS_SUPPORT_WLM_V0 | UI/UX                              | UI/UX作成               | task_profile_ui_ux                        |       1060 | active
 standard_work          | data_formatting              | task_profile_data_formatting              | cd82f654-cbcc-4aef-92de-4f365084217a | BUSINESS_SUPPORT_WLM_V0 | Data Formatting                    | データ整形              | task_profile_data_formatting              |       1070 | active
 standard_work          | review_audit                 | task_profile_review_audit                 | 54bd0259-668b-427c-ad58-988805fd7d0a | BUSINESS_SUPPORT_WLM_V0 | Review and Audit                   | レビュー/監査           | task_profile_review_audit                 |       1080 | active
 standard_work          | customer_communication       | task_profile_customer_communication       | 21bf19b7-86ba-43c6-b636-2133bcc01676 | BUSINESS_SUPPORT_WLM_V0 | Customer Communication             | 接客/コミュニケーション | task_profile_customer_communication       |       1090 | active
 standard_work          | creative_planning            | task_profile_creative_planning            | 63931cf8-025a-4b3a-b391-b09b83244ea1 | BUSINESS_SUPPORT_WLM_V0 | Creative Planning                  | 企画/アイデア出し       | task_profile_creative_planning            |       1100 | active
 standard_work          | operations_execution         | task_profile_operations_execution         | 61da12c9-b056-4acf-841c-748db08ea41c | BUSINESS_SUPPORT_WLM_V0 | Operations Execution               | 運用作業                | task_profile_operations_execution         |       1110 | active
 standard_work          | cx_reference_authoring       | task_profile_cx_reference_authoring       | eee1d9b6-7ff4-4bb4-be2e-a508b2e34b41 | BUSINESS_SUPPORT_WLM_V0 | CX Reference Authoring             | CX参照データ作成        | task_profile_cx_reference_authoring       |       1120 | active
(18 rows)

                                                                                                       verify_bool_json                                                                                                        
-------------------------------------------------------------------------------------------------------------------------------------------------------------------------------------------------------------------------------
 {"missing_count": 0, "all_18_present": true, "inactive_count": 0, "all_status_active": true, "standard_12_present": true, "all_cx_topic_code_match": true, "mismatch_cx_topic_count": 0, "military_security_6_present": true}
(1 row)

               source_name               | matching_capability_rows 
-----------------------------------------+--------------------------
 business_support_role_domain_capability |                        0
(1 row)

 table_schema |               table_name                |    column_name    
--------------+-----------------------------------------+-------------------
 aiworker     | business_support_role_domain_capability | task_domain_code
 aiworker     | robot_brain_model_domain_policy         | brain_domain_code
 aiworker     | robot_brain_role_policy                 | brain_domain_code
 aiworker     | robot_breadth_domain_runtime_policy     | brain_domain_code
 aiworker     | worker_domain_proficiency               | domain_code
(5 rows)

