?? 11.aiworker-os/runtime-execution-http-api/900.meta/20260508_060540_b6r95r2_aiworkeros_deliverable_readonly_audit.tar.gz
?? 11.aiworker-os/runtime-execution-http-api/900.meta/20260508_060540_b6r95r2_aiworkeros_deliverable_readonly_audit/
?? 11.aiworker-os/runtime-execution-http-api/900.meta/20260508_061656_b6r95r2b_aiworkeros_deliverable_sample_readonly/
?? 11.aiworker-os/runtime-execution-http-api/900.meta/20260508_070938_b6r95r3a_aiworkeros_server_exact_dump_readonly/
?? 11.aiworker-os/runtime-execution-http-api/900.meta/20260508_074818_b6r95r3b_r3_aiworkeros_common_deliverable_contract_patch_no_post/
?? 11.aiworker-os/runtime-execution-http-api/900.meta/20260508_075232_b6r95r3c_aiworkeros_common_deliverable_post_once/
?? 11.aiworker-os/runtime-execution-http-api/900.meta/20260508_075400_b6r95r3c_fixpoint_readonly_diagnose/
?? 11.aiworker-os/runtime-execution-http-api/900.meta/20260508_114845_b6r95r3d_r1_aiworkeros_multi_artifact_zip_contract_patch_no_post/
?? 11.aiworker-os/runtime-execution-http-api/900.meta/20260508_115009_b6r95r3d_r1_fixpoint_no_post/
?? 11.aiworker-os/runtime-execution-http-api/900.meta/20260508_115305_b6r95r3d_r1_f2_fix_sql_array_commas_no_post/
?? 11.aiworker-os/runtime-execution-http-api/900.meta/20260508_115504_b6r95r3d_r1_f3_normalize_sql_array_no_post/
?? 11.aiworker-os/runtime-execution-http-api/900.meta/20260508_115635_b6r95r3d_r1_f4_rebuild_response_sql_payload_no_post/
?? 11.aiworker-os/runtime-execution-http-api/900.meta/20260508_115843_b6r95r3e_aiworkeros_multi_artifact_zip_post_once/
?? 11.aiworker-os/runtime-execution-http-api/900.meta/20260508_120014_b6r95r3f_fix_zip_link_to_actual_file_no_post/
?? 11.aiworker-os/runtime-execution-http-api/900.meta/20260508_120229_b6r95r3g_aiworkeros_multi_artifact_zip_post_once_after_link_fix/
?? 11.aiworker-os/runtime-execution-http-api/900.meta/20260508_120405_b6r95r3h_fix_package_meta_zip_link_before_db_no_post/
?? 11.aiworker-os/runtime-execution-http-api/900.meta/20260508_120930_b6r95r3i_aiworkeros_zip_final_post_once/
?? 11.aiworker-os/runtime-execution-http-api/900.meta/20260508_121623_b6r95r3i_view_aiworkeros_deliverable_zip/
?? 11.aiworker-os/runtime-execution-http-api/900.meta/20260508_122142_b6r95r3j_taika_reform_deliverable_zip_post_once/
?? 11.aiworker-os/runtime-execution-http-api/900.meta/20260508_154520_b6r95r3i_aiworkeros_verify_commit_push_r2/
?? 11.aiworker-os/runtime-execution-http-api/900.meta/20260510_062839_b6r96r1b_common_task_profile_aiworker_persona_design/
?? 11.aiworker-os/runtime-execution-http-api/900.meta/20260510_064444_b6r96r1c_task_profile_existing_structure_decision/
?? 11.aiworker-os/runtime-execution-http-api/900.meta/20260510_071715_b6r96r1d_exact_apply_design_no_apply/
?? 11.aiworker-os/runtime-execution-http-api/900.meta/20260510_075605_b6r96r1e3_stable_minimum_deliverable_cx_permission_design_no_apply/
?? 11.aiworker-os/runtime-execution-http-api/900.meta/20260510_080144_b6r96r1f_server_minimum_deliverable_patch_design_no_apply/
?? 11.aiworker-os/runtime-execution-http-api/900.meta/20260510_092221_b6r96r1g_temp_patch_generation_node_check_only/
?? 11.aiworker-os/runtime-execution-http-api/900.meta/20260510_092236_b6r96r1g_temp_patch_generation_node_check_only/
?? 11.aiworker-os/runtime-execution-http-api/900.meta/20260510_105632_b6r96r1g0_response_anchor_audit_no_patch/
?? 11.aiworker-os/runtime-execution-http-api/900.meta/20260510_110302_b6r96r1g2_temp_patch_actual_json_response_anchor/
?? 11.aiworker-os/runtime-execution-http-api/900.meta/20260510_110547_b6r96r1h_apply_temp_patch_get_only_verify/
?? 11.aiworker-os/runtime-execution-http-api/900.meta/20260510_110755_b6r96r1h2_auto_apply_latest_r1g2_get_only_verify/
?? 11.aiworker-os/runtime-execution-http-api/900.meta/20260510_111113_b6r96r1i_controlled_post_verify/
?? 11.aiworker-os/runtime-execution-http-api/900.meta/20260510_112532_b6r96r1i2_controlled_post_existing_8787/
?? 11.aiworker-os/runtime-execution-http-api/900.meta/20260510_112934_b6r96r1k_minimum_guarantee_manufacturer_principles_design/
?? 11.aiworker-os/runtime-execution-http-api/900.meta/20260510_113102_b6r96r1i3_http500_exact_collect_no_post/
?? 11.aiworker-os/runtime-execution-http-api/900.meta/20260510_113304_b6r96r1i3s_salvage_http500_collect_no_post/
?? 11.aiworker-os/runtime-execution-http-api/900.meta/20260510_113702_b6r96r1i4_runtime_control_profile_inventory_no_post/
?? 11.aiworker-os/runtime-execution-http-api/900.meta/20260510_114545_b6r96r1i4_model_hints_export/
?? 11.aiworker-os/runtime-execution-http-api/900.meta/20260510_115118_b6r96r1i5_valid_model_controlled_post/
?? 11.aiworker-os/runtime-execution-http-api/900.meta/20260514_222717_b6r96r1e_column_exact_sql_proposal_no_apply/
?? 11.aiworker-os/runtime-execution-http-api/900.meta/20260514_224615_b6r96r1e2_column_exact_sql_proposal_fix_no_apply/
?? 11.aiworker-os/runtime-execution-http-api/900.meta/20260514_225142_b6r96r1f_apply_task_domain_profile_go/
?? 11.aiworker-os/runtime-execution-http-api/900.meta/20260514_225453_b6r96r1g_readonly_verify_task_domain_visibility/
?? 11.aiworker-os/runtime-execution-http-api/900.meta/20260514_225657_b6r96r1h_hd_r2_military_security_policy_design_no_apply/
?? 11.aiworker-os/runtime-execution-http-api/900.meta/20260514_225854_b6r96r1h_r2_hd_r2_policy_design_readonly_fixed/
?? 11.aiworker-os/runtime-execution-http-api/900.meta/20260514_230231_b6r96r1h2_hd_r2_policy_column_exact_sql_no_apply/
?? 11.aiworker-os/runtime-execution-http-api/900.meta/20260514_230400_b6r96r1h2_review_policy_sql_no_apply/
?? 11.aiworker-os/runtime-execution-http-api/900.meta/20260514_230655_b6r96r1h3_hd_r2_policy_correction_no_apply/
?? 11.aiworker-os/runtime-execution-http-api/900.meta/20260514_230953_b6r96r1h4_apply_hd_r2_policy_overlay_go/
?? 11.aiworker-os/runtime-execution-http-api/900.meta/20260514_231707_b6r96r1h4_r1_policy_code_constraint_fix_no_apply/
?? 11.aiworker-os/runtime-execution-http-api/900.meta/20260515_052302_b6r96r1h4_r2_apply_policy_code_fixed_go/
?? 11.aiworker-os/runtime-execution-http-api/900.meta/20260515_052449_b6r96r1h4_r3_brain_domain_fk_diagnose_no_apply/
?? 11.aiworker-os/runtime-execution-http-api/900.meta/20260515_053431_b6r95r2_aiworkeros_deliverable_readonly_audit.tar.gz
?? 11.aiworker-os/runtime-execution-http-api/900.meta/20260515_053431_b6r95r2_aiworkeros_deliverable_readonly_audit/
?? 11.aiworker-os/runtime-execution-http-api/900.meta/20260515_055407_b6r96r1h4_r4_brain_domain_catalog_proposal_no_apply/
?? 11.aiworker-os/runtime-execution-http-api/900.meta/20260515_055940_b6r96r1h4_r4a_fk_target_brain_domain_catalog_proposal_no_apply/
?? 11.aiworker-os/runtime-execution-http-api/900.meta/20260515_060205_b6r96r1h5_apply_fk_target_brain_domain_seed_go/
?? 11.aiworker-os/runtime-execution-http-api/900.meta/20260515_060414_b6r96r1h5_r1_fix_default_depth_code_no_apply/
?? 11.aiworker-os/runtime-execution-http-api/900.meta/20260515_060735_b6r96r1h5_r2_apply_depth_fixed_brain_domain_seed_go/
?? 11.aiworker-os/runtime-execution-http-api/900.meta/20260515_061234_b6r96r1h6_apply_hd_r2_policy_overlay_go/
?? 11.aiworker-os/runtime-execution-http-api/900.meta/20260515_073521_b6r96r1h6_r1_fix_package_code_no_apply/
?? 11.aiworker-os/runtime-execution-http-api/900.meta/20260515_075150_b6r96r1h6_r2_apply_package_fixed_hd_r2_policy_overlay_go/
?? 11.aiworker-os/runtime-execution-http-api/900.meta/20260515_105819_b6r96r1j_runtime_read_surface_visibility_readonly/
?? 11.aiworker-os/runtime-execution-http-api/900.meta/20260515_110111_b6r96r1i_personaos_derived_task_profile_view_proposal_no_apply/
?? 11.aiworker-os/runtime-execution-http-api/900.meta/20260515_110453_b6r96r1i_r1_personaos_task_profile_base_view_fix_no_apply/
?? 11.aiworker-os/runtime-execution-http-api/900.meta/20260515_111123_b6r96r1i_r2_apply_personaos_task_profile_base_views_go/
?? 11.aiworker-os/runtime-execution-http-api/900.meta/20260515_111831_b6r96r1m_final_summary_push_readiness_no_push/
?? 11.aiworker-os/runtime-execution-http-api/900.meta/20260515_112701_b6r96r1n_commit_push_aiworkeros_task_profile_personaos_views/
?? 11.aiworker-os/runtime-execution-http-api/900.meta/AIWORKEROS_CURRENT_SERVER.pid
?? 11.aiworker-os/runtime-execution-http-api/900.meta/aiworkeros_start_only_20260505_191705/
